   0  $accept : Program $end

   1  Program : ClassList

   2  ClassList : ClassList ClassDef
   3            | ClassDef

   4  VariableDef : Variable ';'

   5  Variable : Type IDENTIFIER

   6  Type : INT
   7       | VOID
   8       | BOOL
   9       | STRING
  10       | COMPLEX
  11       | CLASS IDENTIFIER
  12       | Type '[' ']'

  13  ClassDef : CLASS IDENTIFIER ExtendsClause '{' FieldList '}'

  14  ExtendsClause : EXTENDS IDENTIFIER
  15                |

  16  FieldList : FieldList VariableDef
  17            | FieldList FunctionDef
  18            |

  19  Formals : VariableList
  20          |

  21  VariableList : VariableList ',' Variable
  22               | Variable

  23  FunctionDef : STATIC Type IDENTIFIER '(' Formals ')' StmtBlock
  24              | Type IDENTIFIER '(' Formals ')' StmtBlock

  25  StmtBlock : '{' StmtList '}'

  26  StmtList : StmtList Stmt
  27           |

  28  Stmt : VariableDef
  29       | SimpleStmt ';'
  30       | IfStmt
  31       | WhileStmt
  32       | ForStmt
  33       | ReturnStmt ';'
  34       | PrintStmt ';'
  35       | BreakStmt ';'
  36       | ContinueStmt ';'
  37       | PrintCompStmt ';'
  38       | RepeatStmt
  39       | SwitchStmt
  40       | StmtBlock
  41       | Do ';'

  42  SimpleStmt : LValue '=' Expr
  43             | Call
  44             |

  45  Receiver : Expr '.'
  46           |

  47  LValue : Receiver IDENTIFIER
  48         | Expr '[' Expr ']'

  49  Call : Receiver IDENTIFIER '(' Actuals ')'

  50  Expr : LValue
  51       | Call
  52       | Constant
  53       | Super
  54       | Cases
  55       | Expr '+' Expr
  56       | Expr '-' Expr
  57       | Expr '*' Expr
  58       | Expr '/' Expr
  59       | Expr '%' Expr
  60       | Expr EQUAL Expr
  61       | Expr NOT_EQUAL Expr
  62       | Expr '<' Expr
  63       | Expr '>' Expr
  64       | Expr LESS_EQUAL Expr
  65       | Expr GREATER_EQUAL Expr
  66       | Expr AND Expr
  67       | Expr OR Expr
  68       | '(' Expr ')'
  69       | '-' Expr
  70       | '!' Expr
  71       | READ_INTEGER '(' ')'
  72       | READ_LINE '(' ')'
  73       | THIS
  74       | NEW IDENTIFIER '(' ')'
  75       | NEW Type '[' Expr ']'
  76       | INSTANCEOF '(' Expr ',' IDENTIFIER ')'
  77       | '(' CLASS IDENTIFIER ')' Expr
  78       | DCOPY '(' Expr ')'
  79       | SCOPY '(' Expr ')'
  80       | RE Expr
  81       | IM Expr
  82       | COMPCAST Expr

  83  Constant : LITERAL
  84           | NULL

  85  Super : SUPER

  86  Actuals : ExprList
  87          |

  88  ExprList : ExprList ',' Expr
  89           | Expr

  90  WhileStmt : WHILE '(' Expr ')' Stmt

  91  ForStmt : FOR '(' SimpleStmt ';' Expr ';' SimpleStmt ')' Stmt

  92  BreakStmt : BREAK

  93  Cases : CASE '(' Expr ')' '{' CaseStmtList DefaultStmt '}'

  94  CaseStmtList : CaseStmtList CaseStmt
  95               |

  96  CaseStmt : Constant ':' Expr ';'

  97  DefaultStmt : DEFAULT ':' Expr ';'

  98  Do : DO DoStmtList OD

  99  DoStmtList : DoStmtList DOBLOCK DoStmt
 100             | DoStmt

 101  DoStmt : Expr ':' Stmt

 102  IfStmt : IF '(' Expr ')' Stmt ElseClause

 103  ElseClause : ELSE Stmt
 104             |

 105  ReturnStmt : RETURN Expr
 106             | RETURN

 107  PrintStmt : PRINT '(' ExprList ')'

 108  PrintCompStmt : PRINTCOMP '(' ExprList ')'

state 0
	$accept : . Program $end  (0)

	CLASS  shift 1
	.  error

	Program  goto 2
	ClassList  goto 3
	ClassDef  goto 4


state 1
	ClassDef : CLASS . IDENTIFIER ExtendsClause '{' FieldList '}'  (13)

	IDENTIFIER  shift 5
	.  error


state 2
	$accept : Program . $end  (0)

	$end  accept


state 3
	Program : ClassList .  (1)
	ClassList : ClassList . ClassDef  (2)

	CLASS  shift 1
	$end  reduce 1

	ClassDef  goto 6


state 4
	ClassList : ClassDef .  (3)

	.  reduce 3


state 5
	ClassDef : CLASS IDENTIFIER . ExtendsClause '{' FieldList '}'  (13)
	ExtendsClause : .  (15)

	EXTENDS  shift 7
	'{'  reduce 15

	ExtendsClause  goto 8


state 6
	ClassList : ClassList ClassDef .  (2)

	.  reduce 2


state 7
	ExtendsClause : EXTENDS . IDENTIFIER  (14)

	IDENTIFIER  shift 9
	.  error


state 8
	ClassDef : CLASS IDENTIFIER ExtendsClause . '{' FieldList '}'  (13)

	'{'  shift 10
	.  error


state 9
	ExtendsClause : EXTENDS IDENTIFIER .  (14)

	.  reduce 14


state 10
	ClassDef : CLASS IDENTIFIER ExtendsClause '{' . FieldList '}'  (13)
	FieldList : .  (18)

	.  reduce 18

	FieldList  goto 11


state 11
	ClassDef : CLASS IDENTIFIER ExtendsClause '{' FieldList . '}'  (13)
	FieldList : FieldList . VariableDef  (16)
	FieldList : FieldList . FunctionDef  (17)

	VOID  shift 12
	BOOL  shift 13
	INT  shift 14
	STRING  shift 15
	CLASS  shift 16
	COMPLEX  shift 17
	STATIC  shift 18
	'}'  shift 19
	.  error

	VariableDef  goto 20
	Variable  goto 21
	Type  goto 22
	FunctionDef  goto 23


state 12
	Type : VOID .  (7)

	.  reduce 7


state 13
	Type : BOOL .  (8)

	.  reduce 8


state 14
	Type : INT .  (6)

	.  reduce 6


state 15
	Type : STRING .  (9)

	.  reduce 9


state 16
	Type : CLASS . IDENTIFIER  (11)

	IDENTIFIER  shift 24
	.  error


state 17
	Type : COMPLEX .  (10)

	.  reduce 10


state 18
	FunctionDef : STATIC . Type IDENTIFIER '(' Formals ')' StmtBlock  (23)

	VOID  shift 12
	BOOL  shift 13
	INT  shift 14
	STRING  shift 15
	CLASS  shift 16
	COMPLEX  shift 17
	.  error

	Type  goto 25


state 19
	ClassDef : CLASS IDENTIFIER ExtendsClause '{' FieldList '}' .  (13)

	.  reduce 13


state 20
	FieldList : FieldList VariableDef .  (16)

	.  reduce 16


state 21
	VariableDef : Variable . ';'  (4)

	';'  shift 26
	.  error


state 22
	Variable : Type . IDENTIFIER  (5)
	Type : Type . '[' ']'  (12)
	FunctionDef : Type . IDENTIFIER '(' Formals ')' StmtBlock  (24)

	IDENTIFIER  shift 27
	'['  shift 28
	.  error


state 23
	FieldList : FieldList FunctionDef .  (17)

	.  reduce 17


state 24
	Type : CLASS IDENTIFIER .  (11)

	.  reduce 11


state 25
	Type : Type . '[' ']'  (12)
	FunctionDef : STATIC Type . IDENTIFIER '(' Formals ')' StmtBlock  (23)

	IDENTIFIER  shift 29
	'['  shift 28
	.  error


state 26
	VariableDef : Variable ';' .  (4)

	.  reduce 4


state 27
	Variable : Type IDENTIFIER .  (5)
	FunctionDef : Type IDENTIFIER . '(' Formals ')' StmtBlock  (24)

	'('  shift 30
	';'  reduce 5


state 28
	Type : Type '[' . ']'  (12)

	']'  shift 31
	.  error


state 29
	FunctionDef : STATIC Type IDENTIFIER . '(' Formals ')' StmtBlock  (23)

	'('  shift 32
	.  error


state 30
	FunctionDef : Type IDENTIFIER '(' . Formals ')' StmtBlock  (24)
	Formals : .  (20)

	VOID  shift 12
	BOOL  shift 13
	INT  shift 14
	STRING  shift 15
	CLASS  shift 16
	COMPLEX  shift 17
	')'  reduce 20

	Variable  goto 33
	Type  goto 34
	Formals  goto 35
	VariableList  goto 36


state 31
	Type : Type '[' ']' .  (12)

	.  reduce 12


state 32
	FunctionDef : STATIC Type IDENTIFIER '(' . Formals ')' StmtBlock  (23)
	Formals : .  (20)

	VOID  shift 12
	BOOL  shift 13
	INT  shift 14
	STRING  shift 15
	CLASS  shift 16
	COMPLEX  shift 17
	')'  reduce 20

	Variable  goto 33
	Type  goto 34
	Formals  goto 37
	VariableList  goto 36


state 33
	VariableList : Variable .  (22)

	.  reduce 22


state 34
	Variable : Type . IDENTIFIER  (5)
	Type : Type . '[' ']'  (12)

	IDENTIFIER  shift 38
	'['  shift 28
	.  error


state 35
	FunctionDef : Type IDENTIFIER '(' Formals . ')' StmtBlock  (24)

	')'  shift 39
	.  error


state 36
	Formals : VariableList .  (19)
	VariableList : VariableList . ',' Variable  (21)

	','  shift 40
	')'  reduce 19


state 37
	FunctionDef : STATIC Type IDENTIFIER '(' Formals . ')' StmtBlock  (23)

	')'  shift 41
	.  error


state 38
	Variable : Type IDENTIFIER .  (5)

	.  reduce 5


state 39
	FunctionDef : Type IDENTIFIER '(' Formals ')' . StmtBlock  (24)

	'{'  shift 42
	.  error

	StmtBlock  goto 43


state 40
	VariableList : VariableList ',' . Variable  (21)

	VOID  shift 12
	BOOL  shift 13
	INT  shift 14
	STRING  shift 15
	CLASS  shift 16
	COMPLEX  shift 17
	.  error

	Variable  goto 44
	Type  goto 34


state 41
	FunctionDef : STATIC Type IDENTIFIER '(' Formals ')' . StmtBlock  (23)

	'{'  shift 42
	.  error

	StmtBlock  goto 45


state 42
	StmtBlock : '{' . StmtList '}'  (25)
	StmtList : .  (27)

	.  reduce 27

	StmtList  goto 46


state 43
	FunctionDef : Type IDENTIFIER '(' Formals ')' StmtBlock .  (24)

	.  reduce 24


state 44
	VariableList : VariableList ',' Variable .  (21)

	.  reduce 21


state 45
	FunctionDef : STATIC Type IDENTIFIER '(' Formals ')' StmtBlock .  (23)

	.  reduce 23


state 46
	StmtBlock : '{' StmtList . '}'  (25)
	StmtList : StmtList . Stmt  (26)
	SimpleStmt : .  (44)
	Receiver : .  (46)

	VOID  shift 12
	BOOL  shift 13
	INT  shift 14
	STRING  shift 15
	CLASS  shift 16
	COMPLEX  shift 17
	NULL  shift 47
	THIS  shift 48
	WHILE  shift 49
	FOR  shift 50
	IF  shift 51
	RETURN  shift 52
	BREAK  shift 53
	NEW  shift 54
	PRINT  shift 55
	READ_INTEGER  shift 56
	READ_LINE  shift 57
	LITERAL  shift 58
	INSTANCEOF  shift 59
	'-'  shift 60
	'!'  shift 61
	'('  shift 62
	'{'  shift 42
	'}'  shift 63
	CASE  shift 64
	SUPER  shift 65
	DCOPY  shift 66
	SCOPY  shift 67
	RE  shift 68
	IM  shift 69
	DO  shift 70
	ContinueStmt  shift 71
	RepeatStmt  shift 72
	SwitchStmt  shift 73
	COMPCAST  shift 74
	PRINTCOMP  shift 75
	IDENTIFIER  reduce 46
	';'  reduce 44

	VariableDef  goto 76
	Variable  goto 21
	Type  goto 34
	StmtBlock  goto 77
	Stmt  goto 78
	SimpleStmt  goto 79
	IfStmt  goto 80
	WhileStmt  goto 81
	ForStmt  goto 82
	ReturnStmt  goto 83
	PrintStmt  goto 84
	BreakStmt  goto 85
	PrintCompStmt  goto 86
	Do  goto 87
	LValue  goto 88
	Expr  goto 89
	Call  goto 90
	Receiver  goto 91
	Constant  goto 92
	Super  goto 93
	Cases  goto 94


state 47
	Constant : NULL .  (84)

	.  reduce 84


state 48
	Expr : THIS .  (73)

	.  reduce 73


state 49
	WhileStmt : WHILE . '(' Expr ')' Stmt  (90)

	'('  shift 95
	.  error


state 50
	ForStmt : FOR . '(' SimpleStmt ';' Expr ';' SimpleStmt ')' Stmt  (91)

	'('  shift 96
	.  error


state 51
	IfStmt : IF . '(' Expr ')' Stmt ElseClause  (102)

	'('  shift 97
	.  error


state 52
	ReturnStmt : RETURN . Expr  (105)
	ReturnStmt : RETURN .  (106)
	Receiver : .  (46)

	NULL  shift 47
	THIS  shift 48
	NEW  shift 54
	READ_INTEGER  shift 56
	READ_LINE  shift 57
	LITERAL  shift 58
	INSTANCEOF  shift 59
	'-'  shift 60
	'!'  shift 61
	'('  shift 62
	CASE  shift 64
	SUPER  shift 65
	DCOPY  shift 66
	SCOPY  shift 67
	RE  shift 68
	IM  shift 69
	COMPCAST  shift 74
	IDENTIFIER  reduce 46
	';'  reduce 106

	LValue  goto 98
	Expr  goto 99
	Call  goto 100
	Receiver  goto 91
	Constant  goto 92
	Super  goto 93
	Cases  goto 94


state 53
	BreakStmt : BREAK .  (92)

	.  reduce 92


state 54
	Expr : NEW . IDENTIFIER '(' ')'  (74)
	Expr : NEW . Type '[' Expr ']'  (75)

	VOID  shift 12
	BOOL  shift 13
	INT  shift 14
	STRING  shift 15
	CLASS  shift 16
	COMPLEX  shift 17
	IDENTIFIER  shift 101
	.  error

	Type  goto 102


state 55
	PrintStmt : PRINT . '(' ExprList ')'  (107)

	'('  shift 103
	.  error


state 56
	Expr : READ_INTEGER . '(' ')'  (71)

	'('  shift 104
	.  error


state 57
	Expr : READ_LINE . '(' ')'  (72)

	'('  shift 105
	.  error


state 58
	Constant : LITERAL .  (83)

	.  reduce 83


state 59
	Expr : INSTANCEOF . '(' Expr ',' IDENTIFIER ')'  (76)

	'('  shift 106
	.  error


state 60
	Expr : '-' . Expr  (69)
	Receiver : .  (46)

	NULL  shift 47
	THIS  shift 48
	NEW  shift 54
	READ_INTEGER  shift 56
	READ_LINE  shift 57
	LITERAL  shift 58
	INSTANCEOF  shift 59
	'-'  shift 60
	'!'  shift 61
	'('  shift 62
	CASE  shift 64
	SUPER  shift 65
	DCOPY  shift 66
	SCOPY  shift 67
	RE  shift 68
	IM  shift 69
	COMPCAST  shift 74
	IDENTIFIER  reduce 46

	LValue  goto 98
	Expr  goto 107
	Call  goto 100
	Receiver  goto 91
	Constant  goto 92
	Super  goto 93
	Cases  goto 94


state 61
	Expr : '!' . Expr  (70)
	Receiver : .  (46)

	NULL  shift 47
	THIS  shift 48
	NEW  shift 54
	READ_INTEGER  shift 56
	READ_LINE  shift 57
	LITERAL  shift 58
	INSTANCEOF  shift 59
	'-'  shift 60
	'!'  shift 61
	'('  shift 62
	CASE  shift 64
	SUPER  shift 65
	DCOPY  shift 66
	SCOPY  shift 67
	RE  shift 68
	IM  shift 69
	COMPCAST  shift 74
	IDENTIFIER  reduce 46

	LValue  goto 98
	Expr  goto 108
	Call  goto 100
	Receiver  goto 91
	Constant  goto 92
	Super  goto 93
	Cases  goto 94


state 62
	Expr : '(' . Expr ')'  (68)
	Expr : '(' . CLASS IDENTIFIER ')' Expr  (77)
	Receiver : .  (46)

	CLASS  shift 109
	NULL  shift 47
	THIS  shift 48
	NEW  shift 54
	READ_INTEGER  shift 56
	READ_LINE  shift 57
	LITERAL  shift 58
	INSTANCEOF  shift 59
	'-'  shift 60
	'!'  shift 61
	'('  shift 62
	CASE  shift 64
	SUPER  shift 65
	DCOPY  shift 66
	SCOPY  shift 67
	RE  shift 68
	IM  shift 69
	COMPCAST  shift 74
	IDENTIFIER  reduce 46

	LValue  goto 98
	Expr  goto 110
	Call  goto 100
	Receiver  goto 91
	Constant  goto 92
	Super  goto 93
	Cases  goto 94


state 63
	StmtBlock : '{' StmtList '}' .  (25)

	.  reduce 25


state 64
	Cases : CASE . '(' Expr ')' '{' CaseStmtList DefaultStmt '}'  (93)

	'('  shift 111
	.  error


state 65
	Super : SUPER .  (85)

	.  reduce 85


state 66
	Expr : DCOPY . '(' Expr ')'  (78)

	'('  shift 112
	.  error


state 67
	Expr : SCOPY . '(' Expr ')'  (79)

	'('  shift 113
	.  error


state 68
	Expr : RE . Expr  (80)
	Receiver : .  (46)

	NULL  shift 47
	THIS  shift 48
	NEW  shift 54
	READ_INTEGER  shift 56
	READ_LINE  shift 57
	LITERAL  shift 58
	INSTANCEOF  shift 59
	'-'  shift 60
	'!'  shift 61
	'('  shift 62
	CASE  shift 64
	SUPER  shift 65
	DCOPY  shift 66
	SCOPY  shift 67
	RE  shift 68
	IM  shift 69
	COMPCAST  shift 74
	IDENTIFIER  reduce 46

	LValue  goto 98
	Expr  goto 114
	Call  goto 100
	Receiver  goto 91
	Constant  goto 92
	Super  goto 93
	Cases  goto 94


state 69
	Expr : IM . Expr  (81)
	Receiver : .  (46)

	NULL  shift 47
	THIS  shift 48
	NEW  shift 54
	READ_INTEGER  shift 56
	READ_LINE  shift 57
	LITERAL  shift 58
	INSTANCEOF  shift 59
	'-'  shift 60
	'!'  shift 61
	'('  shift 62
	CASE  shift 64
	SUPER  shift 65
	DCOPY  shift 66
	SCOPY  shift 67
	RE  shift 68
	IM  shift 69
	COMPCAST  shift 74
	IDENTIFIER  reduce 46

	LValue  goto 98
	Expr  goto 115
	Call  goto 100
	Receiver  goto 91
	Constant  goto 92
	Super  goto 93
	Cases  goto 94


state 70
	Do : DO . DoStmtList OD  (98)
	Receiver : .  (46)

	NULL  shift 47
	THIS  shift 48
	NEW  shift 54
	READ_INTEGER  shift 56
	READ_LINE  shift 57
	LITERAL  shift 58
	INSTANCEOF  shift 59
	'-'  shift 60
	'!'  shift 61
	'('  shift 62
	CASE  shift 64
	SUPER  shift 65
	DCOPY  shift 66
	SCOPY  shift 67
	RE  shift 68
	IM  shift 69
	COMPCAST  shift 74
	IDENTIFIER  reduce 46

	LValue  goto 98
	Expr  goto 116
	Call  goto 100
	Receiver  goto 91
	Constant  goto 92
	Super  goto 93
	Cases  goto 94
	DoStmtList  goto 117
	DoStmt  goto 118


state 71
	Stmt : ContinueStmt . ';'  (36)

	';'  shift 119
	.  error


state 72
	Stmt : RepeatStmt .  (38)

	.  reduce 38


state 73
	Stmt : SwitchStmt .  (39)

	.  reduce 39


state 74
	Expr : COMPCAST . Expr  (82)
	Receiver : .  (46)

	NULL  shift 47
	THIS  shift 48
	NEW  shift 54
	READ_INTEGER  shift 56
	READ_LINE  shift 57
	LITERAL  shift 58
	INSTANCEOF  shift 59
	'-'  shift 60
	'!'  shift 61
	'('  shift 62
	CASE  shift 64
	SUPER  shift 65
	DCOPY  shift 66
	SCOPY  shift 67
	RE  shift 68
	IM  shift 69
	COMPCAST  shift 74
	IDENTIFIER  reduce 46

	LValue  goto 98
	Expr  goto 120
	Call  goto 100
	Receiver  goto 91
	Constant  goto 92
	Super  goto 93
	Cases  goto 94


state 75
	PrintCompStmt : PRINTCOMP . '(' ExprList ')'  (108)

	'('  shift 121
	.  error


state 76
	Stmt : VariableDef .  (28)

	.  reduce 28


state 77
	Stmt : StmtBlock .  (40)

	.  reduce 40


state 78
	StmtList : StmtList Stmt .  (26)

	.  reduce 26


state 79
	Stmt : SimpleStmt . ';'  (29)

	';'  shift 122
	.  error


state 80
	Stmt : IfStmt .  (30)

	.  reduce 30


state 81
	Stmt : WhileStmt .  (31)

	.  reduce 31


state 82
	Stmt : ForStmt .  (32)

	.  reduce 32


state 83
	Stmt : ReturnStmt . ';'  (33)

	';'  shift 123
	.  error


state 84
	Stmt : PrintStmt . ';'  (34)

	';'  shift 124
	.  error


state 85
	Stmt : BreakStmt . ';'  (35)

	';'  shift 125
	.  error


state 86
	Stmt : PrintCompStmt . ';'  (37)

	';'  shift 126
	.  error


state 87
	Stmt : Do . ';'  (41)

	';'  shift 127
	.  error


state 88
	SimpleStmt : LValue . '=' Expr  (42)
	Expr : LValue .  (50)

	'='  shift 128
	AND  reduce 50
	OR  reduce 50
	LESS_EQUAL  reduce 50
	GREATER_EQUAL  reduce 50
	EQUAL  reduce 50
	NOT_EQUAL  reduce 50
	'+'  reduce 50
	'-'  reduce 50
	'*'  reduce 50
	'/'  reduce 50
	'%'  reduce 50
	'>'  reduce 50
	'<'  reduce 50
	'.'  reduce 50
	'['  reduce 50


state 89
	Receiver : Expr . '.'  (45)
	LValue : Expr . '[' Expr ']'  (48)
	Expr : Expr . '+' Expr  (55)
	Expr : Expr . '-' Expr  (56)
	Expr : Expr . '*' Expr  (57)
	Expr : Expr . '/' Expr  (58)
	Expr : Expr . '%' Expr  (59)
	Expr : Expr . EQUAL Expr  (60)
	Expr : Expr . NOT_EQUAL Expr  (61)
	Expr : Expr . '<' Expr  (62)
	Expr : Expr . '>' Expr  (63)
	Expr : Expr . LESS_EQUAL Expr  (64)
	Expr : Expr . GREATER_EQUAL Expr  (65)
	Expr : Expr . AND Expr  (66)
	Expr : Expr . OR Expr  (67)

	AND  shift 129
	OR  shift 130
	LESS_EQUAL  shift 131
	GREATER_EQUAL  shift 132
	EQUAL  shift 133
	NOT_EQUAL  shift 134
	'+'  shift 135
	'-'  shift 136
	'*'  shift 137
	'/'  shift 138
	'%'  shift 139
	'>'  shift 140
	'<'  shift 141
	'.'  shift 142
	'['  shift 143
	.  error


state 90
	SimpleStmt : Call .  (43)
	Expr : Call .  (51)

	AND  reduce 51
	OR  reduce 51
	LESS_EQUAL  reduce 51
	GREATER_EQUAL  reduce 51
	EQUAL  reduce 51
	NOT_EQUAL  reduce 51
	'+'  reduce 51
	'-'  reduce 51
	'*'  reduce 51
	'/'  reduce 51
	'%'  reduce 51
	'>'  reduce 51
	'<'  reduce 51
	'.'  reduce 51
	';'  reduce 43
	')'  reduce 43
	'['  reduce 51


state 91
	LValue : Receiver . IDENTIFIER  (47)
	Call : Receiver . IDENTIFIER '(' Actuals ')'  (49)

	IDENTIFIER  shift 144
	.  error


state 92
	Expr : Constant .  (52)

	.  reduce 52


state 93
	Expr : Super .  (53)

	.  reduce 53


state 94
	Expr : Cases .  (54)

	.  reduce 54


state 95
	WhileStmt : WHILE '(' . Expr ')' Stmt  (90)
	Receiver : .  (46)

	NULL  shift 47
	THIS  shift 48
	NEW  shift 54
	READ_INTEGER  shift 56
	READ_LINE  shift 57
	LITERAL  shift 58
	INSTANCEOF  shift 59
	'-'  shift 60
	'!'  shift 61
	'('  shift 62
	CASE  shift 64
	SUPER  shift 65
	DCOPY  shift 66
	SCOPY  shift 67
	RE  shift 68
	IM  shift 69
	COMPCAST  shift 74
	IDENTIFIER  reduce 46

	LValue  goto 98
	Expr  goto 145
	Call  goto 100
	Receiver  goto 91
	Constant  goto 92
	Super  goto 93
	Cases  goto 94


state 96
	ForStmt : FOR '(' . SimpleStmt ';' Expr ';' SimpleStmt ')' Stmt  (91)
	SimpleStmt : .  (44)
	Receiver : .  (46)

	NULL  shift 47
	THIS  shift 48
	NEW  shift 54
	READ_INTEGER  shift 56
	READ_LINE  shift 57
	LITERAL  shift 58
	INSTANCEOF  shift 59
	'-'  shift 60
	'!'  shift 61
	'('  shift 62
	CASE  shift 64
	SUPER  shift 65
	DCOPY  shift 66
	SCOPY  shift 67
	RE  shift 68
	IM  shift 69
	COMPCAST  shift 74
	IDENTIFIER  reduce 46
	';'  reduce 44

	SimpleStmt  goto 146
	LValue  goto 88
	Expr  goto 89
	Call  goto 90
	Receiver  goto 91
	Constant  goto 92
	Super  goto 93
	Cases  goto 94


state 97
	IfStmt : IF '(' . Expr ')' Stmt ElseClause  (102)
	Receiver : .  (46)

	NULL  shift 47
	THIS  shift 48
	NEW  shift 54
	READ_INTEGER  shift 56
	READ_LINE  shift 57
	LITERAL  shift 58
	INSTANCEOF  shift 59
	'-'  shift 60
	'!'  shift 61
	'('  shift 62
	CASE  shift 64
	SUPER  shift 65
	DCOPY  shift 66
	SCOPY  shift 67
	RE  shift 68
	IM  shift 69
	COMPCAST  shift 74
	IDENTIFIER  reduce 46

	LValue  goto 98
	Expr  goto 147
	Call  goto 100
	Receiver  goto 91
	Constant  goto 92
	Super  goto 93
	Cases  goto 94


state 98
	Expr : LValue .  (50)

	.  reduce 50


state 99
	Receiver : Expr . '.'  (45)
	LValue : Expr . '[' Expr ']'  (48)
	Expr : Expr . '+' Expr  (55)
	Expr : Expr . '-' Expr  (56)
	Expr : Expr . '*' Expr  (57)
	Expr : Expr . '/' Expr  (58)
	Expr : Expr . '%' Expr  (59)
	Expr : Expr . EQUAL Expr  (60)
	Expr : Expr . NOT_EQUAL Expr  (61)
	Expr : Expr . '<' Expr  (62)
	Expr : Expr . '>' Expr  (63)
	Expr : Expr . LESS_EQUAL Expr  (64)
	Expr : Expr . GREATER_EQUAL Expr  (65)
	Expr : Expr . AND Expr  (66)
	Expr : Expr . OR Expr  (67)
	ReturnStmt : RETURN Expr .  (105)

	AND  shift 129
	OR  shift 130
	LESS_EQUAL  shift 131
	GREATER_EQUAL  shift 132
	EQUAL  shift 133
	NOT_EQUAL  shift 134
	'+'  shift 135
	'-'  shift 136
	'*'  shift 137
	'/'  shift 138
	'%'  shift 139
	'>'  shift 140
	'<'  shift 141
	'.'  shift 142
	'['  shift 143
	';'  reduce 105


state 100
	Expr : Call .  (51)

	.  reduce 51


state 101
	Expr : NEW IDENTIFIER . '(' ')'  (74)

	'('  shift 148
	.  error


state 102
	Type : Type . '[' ']'  (12)
	Expr : NEW Type . '[' Expr ']'  (75)

	'['  shift 149
	.  error


state 103
	PrintStmt : PRINT '(' . ExprList ')'  (107)
	Receiver : .  (46)

	NULL  shift 47
	THIS  shift 48
	NEW  shift 54
	READ_INTEGER  shift 56
	READ_LINE  shift 57
	LITERAL  shift 58
	INSTANCEOF  shift 59
	'-'  shift 60
	'!'  shift 61
	'('  shift 62
	CASE  shift 64
	SUPER  shift 65
	DCOPY  shift 66
	SCOPY  shift 67
	RE  shift 68
	IM  shift 69
	COMPCAST  shift 74
	IDENTIFIER  reduce 46

	LValue  goto 98
	Expr  goto 150
	Call  goto 100
	Receiver  goto 91
	Constant  goto 92
	Super  goto 93
	Cases  goto 94
	ExprList  goto 151


state 104
	Expr : READ_INTEGER '(' . ')'  (71)

	')'  shift 152
	.  error


state 105
	Expr : READ_LINE '(' . ')'  (72)

	')'  shift 153
	.  error


state 106
	Expr : INSTANCEOF '(' . Expr ',' IDENTIFIER ')'  (76)
	Receiver : .  (46)

	NULL  shift 47
	THIS  shift 48
	NEW  shift 54
	READ_INTEGER  shift 56
	READ_LINE  shift 57
	LITERAL  shift 58
	INSTANCEOF  shift 59
	'-'  shift 60
	'!'  shift 61
	'('  shift 62
	CASE  shift 64
	SUPER  shift 65
	DCOPY  shift 66
	SCOPY  shift 67
	RE  shift 68
	IM  shift 69
	COMPCAST  shift 74
	IDENTIFIER  reduce 46

	LValue  goto 98
	Expr  goto 154
	Call  goto 100
	Receiver  goto 91
	Constant  goto 92
	Super  goto 93
	Cases  goto 94


state 107
	Receiver : Expr . '.'  (45)
	LValue : Expr . '[' Expr ']'  (48)
	Expr : Expr . '+' Expr  (55)
	Expr : Expr . '-' Expr  (56)
	Expr : Expr . '*' Expr  (57)
	Expr : Expr . '/' Expr  (58)
	Expr : Expr . '%' Expr  (59)
	Expr : Expr . EQUAL Expr  (60)
	Expr : Expr . NOT_EQUAL Expr  (61)
	Expr : Expr . '<' Expr  (62)
	Expr : Expr . '>' Expr  (63)
	Expr : Expr . LESS_EQUAL Expr  (64)
	Expr : Expr . GREATER_EQUAL Expr  (65)
	Expr : Expr . AND Expr  (66)
	Expr : Expr . OR Expr  (67)
	Expr : '-' Expr .  (69)

	'.'  shift 142
	'['  shift 143
	AND  reduce 69
	OR  reduce 69
	LESS_EQUAL  reduce 69
	GREATER_EQUAL  reduce 69
	EQUAL  reduce 69
	NOT_EQUAL  reduce 69
	'+'  reduce 69
	'-'  reduce 69
	'*'  reduce 69
	'/'  reduce 69
	'%'  reduce 69
	'>'  reduce 69
	'<'  reduce 69
	','  reduce 69
	';'  reduce 69
	')'  reduce 69
	']'  reduce 69
	':'  reduce 69


state 108
	Receiver : Expr . '.'  (45)
	LValue : Expr . '[' Expr ']'  (48)
	Expr : Expr . '+' Expr  (55)
	Expr : Expr . '-' Expr  (56)
	Expr : Expr . '*' Expr  (57)
	Expr : Expr . '/' Expr  (58)
	Expr : Expr . '%' Expr  (59)
	Expr : Expr . EQUAL Expr  (60)
	Expr : Expr . NOT_EQUAL Expr  (61)
	Expr : Expr . '<' Expr  (62)
	Expr : Expr . '>' Expr  (63)
	Expr : Expr . LESS_EQUAL Expr  (64)
	Expr : Expr . GREATER_EQUAL Expr  (65)
	Expr : Expr . AND Expr  (66)
	Expr : Expr . OR Expr  (67)
	Expr : '!' Expr .  (70)

	'.'  shift 142
	'['  shift 143
	AND  reduce 70
	OR  reduce 70
	LESS_EQUAL  reduce 70
	GREATER_EQUAL  reduce 70
	EQUAL  reduce 70
	NOT_EQUAL  reduce 70
	'+'  reduce 70
	'-'  reduce 70
	'*'  reduce 70
	'/'  reduce 70
	'%'  reduce 70
	'>'  reduce 70
	'<'  reduce 70
	','  reduce 70
	';'  reduce 70
	')'  reduce 70
	']'  reduce 70
	':'  reduce 70


state 109
	Expr : '(' CLASS . IDENTIFIER ')' Expr  (77)

	IDENTIFIER  shift 155
	.  error


state 110
	Receiver : Expr . '.'  (45)
	LValue : Expr . '[' Expr ']'  (48)
	Expr : Expr . '+' Expr  (55)
	Expr : Expr . '-' Expr  (56)
	Expr : Expr . '*' Expr  (57)
	Expr : Expr . '/' Expr  (58)
	Expr : Expr . '%' Expr  (59)
	Expr : Expr . EQUAL Expr  (60)
	Expr : Expr . NOT_EQUAL Expr  (61)
	Expr : Expr . '<' Expr  (62)
	Expr : Expr . '>' Expr  (63)
	Expr : Expr . LESS_EQUAL Expr  (64)
	Expr : Expr . GREATER_EQUAL Expr  (65)
	Expr : Expr . AND Expr  (66)
	Expr : Expr . OR Expr  (67)
	Expr : '(' Expr . ')'  (68)

	AND  shift 129
	OR  shift 130
	LESS_EQUAL  shift 131
	GREATER_EQUAL  shift 132
	EQUAL  shift 133
	NOT_EQUAL  shift 134
	'+'  shift 135
	'-'  shift 136
	'*'  shift 137
	'/'  shift 138
	'%'  shift 139
	'>'  shift 140
	'<'  shift 141
	'.'  shift 142
	')'  shift 156
	'['  shift 143
	.  error


state 111
	Cases : CASE '(' . Expr ')' '{' CaseStmtList DefaultStmt '}'  (93)
	Receiver : .  (46)

	NULL  shift 47
	THIS  shift 48
	NEW  shift 54
	READ_INTEGER  shift 56
	READ_LINE  shift 57
	LITERAL  shift 58
	INSTANCEOF  shift 59
	'-'  shift 60
	'!'  shift 61
	'('  shift 62
	CASE  shift 64
	SUPER  shift 65
	DCOPY  shift 66
	SCOPY  shift 67
	RE  shift 68
	IM  shift 69
	COMPCAST  shift 74
	IDENTIFIER  reduce 46

	LValue  goto 98
	Expr  goto 157
	Call  goto 100
	Receiver  goto 91
	Constant  goto 92
	Super  goto 93
	Cases  goto 94


state 112
	Expr : DCOPY '(' . Expr ')'  (78)
	Receiver : .  (46)

	NULL  shift 47
	THIS  shift 48
	NEW  shift 54
	READ_INTEGER  shift 56
	READ_LINE  shift 57
	LITERAL  shift 58
	INSTANCEOF  shift 59
	'-'  shift 60
	'!'  shift 61
	'('  shift 62
	CASE  shift 64
	SUPER  shift 65
	DCOPY  shift 66
	SCOPY  shift 67
	RE  shift 68
	IM  shift 69
	COMPCAST  shift 74
	IDENTIFIER  reduce 46

	LValue  goto 98
	Expr  goto 158
	Call  goto 100
	Receiver  goto 91
	Constant  goto 92
	Super  goto 93
	Cases  goto 94


state 113
	Expr : SCOPY '(' . Expr ')'  (79)
	Receiver : .  (46)

	NULL  shift 47
	THIS  shift 48
	NEW  shift 54
	READ_INTEGER  shift 56
	READ_LINE  shift 57
	LITERAL  shift 58
	INSTANCEOF  shift 59
	'-'  shift 60
	'!'  shift 61
	'('  shift 62
	CASE  shift 64
	SUPER  shift 65
	DCOPY  shift 66
	SCOPY  shift 67
	RE  shift 68
	IM  shift 69
	COMPCAST  shift 74
	IDENTIFIER  reduce 46

	LValue  goto 98
	Expr  goto 159
	Call  goto 100
	Receiver  goto 91
	Constant  goto 92
	Super  goto 93
	Cases  goto 94


114: shift/reduce conflict (shift 129, reduce 80) on AND
114: shift/reduce conflict (shift 130, reduce 80) on OR
114: shift/reduce conflict (shift 131, reduce 80) on LESS_EQUAL
114: shift/reduce conflict (shift 132, reduce 80) on GREATER_EQUAL
114: shift/reduce conflict (shift 133, reduce 80) on EQUAL
114: shift/reduce conflict (shift 134, reduce 80) on NOT_EQUAL
114: shift/reduce conflict (shift 135, reduce 80) on '+'
114: shift/reduce conflict (shift 136, reduce 80) on '-'
114: shift/reduce conflict (shift 137, reduce 80) on '*'
114: shift/reduce conflict (shift 138, reduce 80) on '/'
114: shift/reduce conflict (shift 139, reduce 80) on '%'
114: shift/reduce conflict (shift 140, reduce 80) on '>'
114: shift/reduce conflict (shift 141, reduce 80) on '<'
114: shift/reduce conflict (shift 142, reduce 80) on '.'
114: shift/reduce conflict (shift 143, reduce 80) on '['
state 114
	Receiver : Expr . '.'  (45)
	LValue : Expr . '[' Expr ']'  (48)
	Expr : Expr . '+' Expr  (55)
	Expr : Expr . '-' Expr  (56)
	Expr : Expr . '*' Expr  (57)
	Expr : Expr . '/' Expr  (58)
	Expr : Expr . '%' Expr  (59)
	Expr : Expr . EQUAL Expr  (60)
	Expr : Expr . NOT_EQUAL Expr  (61)
	Expr : Expr . '<' Expr  (62)
	Expr : Expr . '>' Expr  (63)
	Expr : Expr . LESS_EQUAL Expr  (64)
	Expr : Expr . GREATER_EQUAL Expr  (65)
	Expr : Expr . AND Expr  (66)
	Expr : Expr . OR Expr  (67)
	Expr : RE Expr .  (80)

	AND  shift 129
	OR  shift 130
	LESS_EQUAL  shift 131
	GREATER_EQUAL  shift 132
	EQUAL  shift 133
	NOT_EQUAL  shift 134
	'+'  shift 135
	'-'  shift 136
	'*'  shift 137
	'/'  shift 138
	'%'  shift 139
	'>'  shift 140
	'<'  shift 141
	'.'  shift 142
	'['  shift 143
	','  reduce 80
	';'  reduce 80
	')'  reduce 80
	']'  reduce 80
	':'  reduce 80


115: shift/reduce conflict (shift 129, reduce 81) on AND
115: shift/reduce conflict (shift 130, reduce 81) on OR
115: shift/reduce conflict (shift 131, reduce 81) on LESS_EQUAL
115: shift/reduce conflict (shift 132, reduce 81) on GREATER_EQUAL
115: shift/reduce conflict (shift 133, reduce 81) on EQUAL
115: shift/reduce conflict (shift 134, reduce 81) on NOT_EQUAL
115: shift/reduce conflict (shift 135, reduce 81) on '+'
115: shift/reduce conflict (shift 136, reduce 81) on '-'
115: shift/reduce conflict (shift 137, reduce 81) on '*'
115: shift/reduce conflict (shift 138, reduce 81) on '/'
115: shift/reduce conflict (shift 139, reduce 81) on '%'
115: shift/reduce conflict (shift 140, reduce 81) on '>'
115: shift/reduce conflict (shift 141, reduce 81) on '<'
115: shift/reduce conflict (shift 142, reduce 81) on '.'
115: shift/reduce conflict (shift 143, reduce 81) on '['
state 115
	Receiver : Expr . '.'  (45)
	LValue : Expr . '[' Expr ']'  (48)
	Expr : Expr . '+' Expr  (55)
	Expr : Expr . '-' Expr  (56)
	Expr : Expr . '*' Expr  (57)
	Expr : Expr . '/' Expr  (58)
	Expr : Expr . '%' Expr  (59)
	Expr : Expr . EQUAL Expr  (60)
	Expr : Expr . NOT_EQUAL Expr  (61)
	Expr : Expr . '<' Expr  (62)
	Expr : Expr . '>' Expr  (63)
	Expr : Expr . LESS_EQUAL Expr  (64)
	Expr : Expr . GREATER_EQUAL Expr  (65)
	Expr : Expr . AND Expr  (66)
	Expr : Expr . OR Expr  (67)
	Expr : IM Expr .  (81)

	AND  shift 129
	OR  shift 130
	LESS_EQUAL  shift 131
	GREATER_EQUAL  shift 132
	EQUAL  shift 133
	NOT_EQUAL  shift 134
	'+'  shift 135
	'-'  shift 136
	'*'  shift 137
	'/'  shift 138
	'%'  shift 139
	'>'  shift 140
	'<'  shift 141
	'.'  shift 142
	'['  shift 143
	','  reduce 81
	';'  reduce 81
	')'  reduce 81
	']'  reduce 81
	':'  reduce 81


state 116
	Receiver : Expr . '.'  (45)
	LValue : Expr . '[' Expr ']'  (48)
	Expr : Expr . '+' Expr  (55)
	Expr : Expr . '-' Expr  (56)
	Expr : Expr . '*' Expr  (57)
	Expr : Expr . '/' Expr  (58)
	Expr : Expr . '%' Expr  (59)
	Expr : Expr . EQUAL Expr  (60)
	Expr : Expr . NOT_EQUAL Expr  (61)
	Expr : Expr . '<' Expr  (62)
	Expr : Expr . '>' Expr  (63)
	Expr : Expr . LESS_EQUAL Expr  (64)
	Expr : Expr . GREATER_EQUAL Expr  (65)
	Expr : Expr . AND Expr  (66)
	Expr : Expr . OR Expr  (67)
	DoStmt : Expr . ':' Stmt  (101)

	AND  shift 129
	OR  shift 130
	LESS_EQUAL  shift 131
	GREATER_EQUAL  shift 132
	EQUAL  shift 133
	NOT_EQUAL  shift 134
	'+'  shift 135
	'-'  shift 136
	'*'  shift 137
	'/'  shift 138
	'%'  shift 139
	'>'  shift 140
	'<'  shift 141
	'.'  shift 142
	'['  shift 143
	':'  shift 160
	.  error


state 117
	Do : DO DoStmtList . OD  (98)
	DoStmtList : DoStmtList . DOBLOCK DoStmt  (99)

	OD  shift 161
	DOBLOCK  shift 162
	.  error


state 118
	DoStmtList : DoStmt .  (100)

	.  reduce 100


state 119
	Stmt : ContinueStmt ';' .  (36)

	.  reduce 36


120: shift/reduce conflict (shift 129, reduce 82) on AND
120: shift/reduce conflict (shift 130, reduce 82) on OR
120: shift/reduce conflict (shift 131, reduce 82) on LESS_EQUAL
120: shift/reduce conflict (shift 132, reduce 82) on GREATER_EQUAL
120: shift/reduce conflict (shift 133, reduce 82) on EQUAL
120: shift/reduce conflict (shift 134, reduce 82) on NOT_EQUAL
120: shift/reduce conflict (shift 135, reduce 82) on '+'
120: shift/reduce conflict (shift 136, reduce 82) on '-'
120: shift/reduce conflict (shift 137, reduce 82) on '*'
120: shift/reduce conflict (shift 138, reduce 82) on '/'
120: shift/reduce conflict (shift 139, reduce 82) on '%'
120: shift/reduce conflict (shift 140, reduce 82) on '>'
120: shift/reduce conflict (shift 141, reduce 82) on '<'
120: shift/reduce conflict (shift 142, reduce 82) on '.'
120: shift/reduce conflict (shift 143, reduce 82) on '['
state 120
	Receiver : Expr . '.'  (45)
	LValue : Expr . '[' Expr ']'  (48)
	Expr : Expr . '+' Expr  (55)
	Expr : Expr . '-' Expr  (56)
	Expr : Expr . '*' Expr  (57)
	Expr : Expr . '/' Expr  (58)
	Expr : Expr . '%' Expr  (59)
	Expr : Expr . EQUAL Expr  (60)
	Expr : Expr . NOT_EQUAL Expr  (61)
	Expr : Expr . '<' Expr  (62)
	Expr : Expr . '>' Expr  (63)
	Expr : Expr . LESS_EQUAL Expr  (64)
	Expr : Expr . GREATER_EQUAL Expr  (65)
	Expr : Expr . AND Expr  (66)
	Expr : Expr . OR Expr  (67)
	Expr : COMPCAST Expr .  (82)

	AND  shift 129
	OR  shift 130
	LESS_EQUAL  shift 131
	GREATER_EQUAL  shift 132
	EQUAL  shift 133
	NOT_EQUAL  shift 134
	'+'  shift 135
	'-'  shift 136
	'*'  shift 137
	'/'  shift 138
	'%'  shift 139
	'>'  shift 140
	'<'  shift 141
	'.'  shift 142
	'['  shift 143
	','  reduce 82
	';'  reduce 82
	')'  reduce 82
	']'  reduce 82
	':'  reduce 82


state 121
	PrintCompStmt : PRINTCOMP '(' . ExprList ')'  (108)
	Receiver : .  (46)

	NULL  shift 47
	THIS  shift 48
	NEW  shift 54
	READ_INTEGER  shift 56
	READ_LINE  shift 57
	LITERAL  shift 58
	INSTANCEOF  shift 59
	'-'  shift 60
	'!'  shift 61
	'('  shift 62
	CASE  shift 64
	SUPER  shift 65
	DCOPY  shift 66
	SCOPY  shift 67
	RE  shift 68
	IM  shift 69
	COMPCAST  shift 74
	IDENTIFIER  reduce 46

	LValue  goto 98
	Expr  goto 150
	Call  goto 100
	Receiver  goto 91
	Constant  goto 92
	Super  goto 93
	Cases  goto 94
	ExprList  goto 163


state 122
	Stmt : SimpleStmt ';' .  (29)

	.  reduce 29


state 123
	Stmt : ReturnStmt ';' .  (33)

	.  reduce 33


state 124
	Stmt : PrintStmt ';' .  (34)

	.  reduce 34


state 125
	Stmt : BreakStmt ';' .  (35)

	.  reduce 35


state 126
	Stmt : PrintCompStmt ';' .  (37)

	.  reduce 37


state 127
	Stmt : Do ';' .  (41)

	.  reduce 41


state 128
	SimpleStmt : LValue '=' . Expr  (42)
	Receiver : .  (46)

	NULL  shift 47
	THIS  shift 48
	NEW  shift 54
	READ_INTEGER  shift 56
	READ_LINE  shift 57
	LITERAL  shift 58
	INSTANCEOF  shift 59
	'-'  shift 60
	'!'  shift 61
	'('  shift 62
	CASE  shift 64
	SUPER  shift 65
	DCOPY  shift 66
	SCOPY  shift 67
	RE  shift 68
	IM  shift 69
	COMPCAST  shift 74
	IDENTIFIER  reduce 46

	LValue  goto 98
	Expr  goto 164
	Call  goto 100
	Receiver  goto 91
	Constant  goto 92
	Super  goto 93
	Cases  goto 94


state 129
	Expr : Expr AND . Expr  (66)
	Receiver : .  (46)

	NULL  shift 47
	THIS  shift 48
	NEW  shift 54
	READ_INTEGER  shift 56
	READ_LINE  shift 57
	LITERAL  shift 58
	INSTANCEOF  shift 59
	'-'  shift 60
	'!'  shift 61
	'('  shift 62
	CASE  shift 64
	SUPER  shift 65
	DCOPY  shift 66
	SCOPY  shift 67
	RE  shift 68
	IM  shift 69
	COMPCAST  shift 74
	IDENTIFIER  reduce 46

	LValue  goto 98
	Expr  goto 165
	Call  goto 100
	Receiver  goto 91
	Constant  goto 92
	Super  goto 93
	Cases  goto 94


state 130
	Expr : Expr OR . Expr  (67)
	Receiver : .  (46)

	NULL  shift 47
	THIS  shift 48
	NEW  shift 54
	READ_INTEGER  shift 56
	READ_LINE  shift 57
	LITERAL  shift 58
	INSTANCEOF  shift 59
	'-'  shift 60
	'!'  shift 61
	'('  shift 62
	CASE  shift 64
	SUPER  shift 65
	DCOPY  shift 66
	SCOPY  shift 67
	RE  shift 68
	IM  shift 69
	COMPCAST  shift 74
	IDENTIFIER  reduce 46

	LValue  goto 98
	Expr  goto 166
	Call  goto 100
	Receiver  goto 91
	Constant  goto 92
	Super  goto 93
	Cases  goto 94


state 131
	Expr : Expr LESS_EQUAL . Expr  (64)
	Receiver : .  (46)

	NULL  shift 47
	THIS  shift 48
	NEW  shift 54
	READ_INTEGER  shift 56
	READ_LINE  shift 57
	LITERAL  shift 58
	INSTANCEOF  shift 59
	'-'  shift 60
	'!'  shift 61
	'('  shift 62
	CASE  shift 64
	SUPER  shift 65
	DCOPY  shift 66
	SCOPY  shift 67
	RE  shift 68
	IM  shift 69
	COMPCAST  shift 74
	IDENTIFIER  reduce 46

	LValue  goto 98
	Expr  goto 167
	Call  goto 100
	Receiver  goto 91
	Constant  goto 92
	Super  goto 93
	Cases  goto 94


state 132
	Expr : Expr GREATER_EQUAL . Expr  (65)
	Receiver : .  (46)

	NULL  shift 47
	THIS  shift 48
	NEW  shift 54
	READ_INTEGER  shift 56
	READ_LINE  shift 57
	LITERAL  shift 58
	INSTANCEOF  shift 59
	'-'  shift 60
	'!'  shift 61
	'('  shift 62
	CASE  shift 64
	SUPER  shift 65
	DCOPY  shift 66
	SCOPY  shift 67
	RE  shift 68
	IM  shift 69
	COMPCAST  shift 74
	IDENTIFIER  reduce 46

	LValue  goto 98
	Expr  goto 168
	Call  goto 100
	Receiver  goto 91
	Constant  goto 92
	Super  goto 93
	Cases  goto 94


state 133
	Expr : Expr EQUAL . Expr  (60)
	Receiver : .  (46)

	NULL  shift 47
	THIS  shift 48
	NEW  shift 54
	READ_INTEGER  shift 56
	READ_LINE  shift 57
	LITERAL  shift 58
	INSTANCEOF  shift 59
	'-'  shift 60
	'!'  shift 61
	'('  shift 62
	CASE  shift 64
	SUPER  shift 65
	DCOPY  shift 66
	SCOPY  shift 67
	RE  shift 68
	IM  shift 69
	COMPCAST  shift 74
	IDENTIFIER  reduce 46

	LValue  goto 98
	Expr  goto 169
	Call  goto 100
	Receiver  goto 91
	Constant  goto 92
	Super  goto 93
	Cases  goto 94


state 134
	Expr : Expr NOT_EQUAL . Expr  (61)
	Receiver : .  (46)

	NULL  shift 47
	THIS  shift 48
	NEW  shift 54
	READ_INTEGER  shift 56
	READ_LINE  shift 57
	LITERAL  shift 58
	INSTANCEOF  shift 59
	'-'  shift 60
	'!'  shift 61
	'('  shift 62
	CASE  shift 64
	SUPER  shift 65
	DCOPY  shift 66
	SCOPY  shift 67
	RE  shift 68
	IM  shift 69
	COMPCAST  shift 74
	IDENTIFIER  reduce 46

	LValue  goto 98
	Expr  goto 170
	Call  goto 100
	Receiver  goto 91
	Constant  goto 92
	Super  goto 93
	Cases  goto 94


state 135
	Expr : Expr '+' . Expr  (55)
	Receiver : .  (46)

	NULL  shift 47
	THIS  shift 48
	NEW  shift 54
	READ_INTEGER  shift 56
	READ_LINE  shift 57
	LITERAL  shift 58
	INSTANCEOF  shift 59
	'-'  shift 60
	'!'  shift 61
	'('  shift 62
	CASE  shift 64
	SUPER  shift 65
	DCOPY  shift 66
	SCOPY  shift 67
	RE  shift 68
	IM  shift 69
	COMPCAST  shift 74
	IDENTIFIER  reduce 46

	LValue  goto 98
	Expr  goto 171
	Call  goto 100
	Receiver  goto 91
	Constant  goto 92
	Super  goto 93
	Cases  goto 94


state 136
	Expr : Expr '-' . Expr  (56)
	Receiver : .  (46)

	NULL  shift 47
	THIS  shift 48
	NEW  shift 54
	READ_INTEGER  shift 56
	READ_LINE  shift 57
	LITERAL  shift 58
	INSTANCEOF  shift 59
	'-'  shift 60
	'!'  shift 61
	'('  shift 62
	CASE  shift 64
	SUPER  shift 65
	DCOPY  shift 66
	SCOPY  shift 67
	RE  shift 68
	IM  shift 69
	COMPCAST  shift 74
	IDENTIFIER  reduce 46

	LValue  goto 98
	Expr  goto 172
	Call  goto 100
	Receiver  goto 91
	Constant  goto 92
	Super  goto 93
	Cases  goto 94


state 137
	Expr : Expr '*' . Expr  (57)
	Receiver : .  (46)

	NULL  shift 47
	THIS  shift 48
	NEW  shift 54
	READ_INTEGER  shift 56
	READ_LINE  shift 57
	LITERAL  shift 58
	INSTANCEOF  shift 59
	'-'  shift 60
	'!'  shift 61
	'('  shift 62
	CASE  shift 64
	SUPER  shift 65
	DCOPY  shift 66
	SCOPY  shift 67
	RE  shift 68
	IM  shift 69
	COMPCAST  shift 74
	IDENTIFIER  reduce 46

	LValue  goto 98
	Expr  goto 173
	Call  goto 100
	Receiver  goto 91
	Constant  goto 92
	Super  goto 93
	Cases  goto 94


state 138
	Expr : Expr '/' . Expr  (58)
	Receiver : .  (46)

	NULL  shift 47
	THIS  shift 48
	NEW  shift 54
	READ_INTEGER  shift 56
	READ_LINE  shift 57
	LITERAL  shift 58
	INSTANCEOF  shift 59
	'-'  shift 60
	'!'  shift 61
	'('  shift 62
	CASE  shift 64
	SUPER  shift 65
	DCOPY  shift 66
	SCOPY  shift 67
	RE  shift 68
	IM  shift 69
	COMPCAST  shift 74
	IDENTIFIER  reduce 46

	LValue  goto 98
	Expr  goto 174
	Call  goto 100
	Receiver  goto 91
	Constant  goto 92
	Super  goto 93
	Cases  goto 94


state 139
	Expr : Expr '%' . Expr  (59)
	Receiver : .  (46)

	NULL  shift 47
	THIS  shift 48
	NEW  shift 54
	READ_INTEGER  shift 56
	READ_LINE  shift 57
	LITERAL  shift 58
	INSTANCEOF  shift 59
	'-'  shift 60
	'!'  shift 61
	'('  shift 62
	CASE  shift 64
	SUPER  shift 65
	DCOPY  shift 66
	SCOPY  shift 67
	RE  shift 68
	IM  shift 69
	COMPCAST  shift 74
	IDENTIFIER  reduce 46

	LValue  goto 98
	Expr  goto 175
	Call  goto 100
	Receiver  goto 91
	Constant  goto 92
	Super  goto 93
	Cases  goto 94


state 140
	Expr : Expr '>' . Expr  (63)
	Receiver : .  (46)

	NULL  shift 47
	THIS  shift 48
	NEW  shift 54
	READ_INTEGER  shift 56
	READ_LINE  shift 57
	LITERAL  shift 58
	INSTANCEOF  shift 59
	'-'  shift 60
	'!'  shift 61
	'('  shift 62
	CASE  shift 64
	SUPER  shift 65
	DCOPY  shift 66
	SCOPY  shift 67
	RE  shift 68
	IM  shift 69
	COMPCAST  shift 74
	IDENTIFIER  reduce 46

	LValue  goto 98
	Expr  goto 176
	Call  goto 100
	Receiver  goto 91
	Constant  goto 92
	Super  goto 93
	Cases  goto 94


state 141
	Expr : Expr '<' . Expr  (62)
	Receiver : .  (46)

	NULL  shift 47
	THIS  shift 48
	NEW  shift 54
	READ_INTEGER  shift 56
	READ_LINE  shift 57
	LITERAL  shift 58
	INSTANCEOF  shift 59
	'-'  shift 60
	'!'  shift 61
	'('  shift 62
	CASE  shift 64
	SUPER  shift 65
	DCOPY  shift 66
	SCOPY  shift 67
	RE  shift 68
	IM  shift 69
	COMPCAST  shift 74
	IDENTIFIER  reduce 46

	LValue  goto 98
	Expr  goto 177
	Call  goto 100
	Receiver  goto 91
	Constant  goto 92
	Super  goto 93
	Cases  goto 94


state 142
	Receiver : Expr '.' .  (45)

	.  reduce 45


state 143
	LValue : Expr '[' . Expr ']'  (48)
	Receiver : .  (46)

	NULL  shift 47
	THIS  shift 48
	NEW  shift 54
	READ_INTEGER  shift 56
	READ_LINE  shift 57
	LITERAL  shift 58
	INSTANCEOF  shift 59
	'-'  shift 60
	'!'  shift 61
	'('  shift 62
	CASE  shift 64
	SUPER  shift 65
	DCOPY  shift 66
	SCOPY  shift 67
	RE  shift 68
	IM  shift 69
	COMPCAST  shift 74
	IDENTIFIER  reduce 46

	LValue  goto 98
	Expr  goto 178
	Call  goto 100
	Receiver  goto 91
	Constant  goto 92
	Super  goto 93
	Cases  goto 94


state 144
	LValue : Receiver IDENTIFIER .  (47)
	Call : Receiver IDENTIFIER . '(' Actuals ')'  (49)

	'('  shift 179
	AND  reduce 47
	OR  reduce 47
	LESS_EQUAL  reduce 47
	GREATER_EQUAL  reduce 47
	EQUAL  reduce 47
	NOT_EQUAL  reduce 47
	'+'  reduce 47
	'-'  reduce 47
	'*'  reduce 47
	'/'  reduce 47
	'%'  reduce 47
	'='  reduce 47
	'>'  reduce 47
	'<'  reduce 47
	'.'  reduce 47
	','  reduce 47
	';'  reduce 47
	')'  reduce 47
	'['  reduce 47
	']'  reduce 47
	':'  reduce 47


state 145
	Receiver : Expr . '.'  (45)
	LValue : Expr . '[' Expr ']'  (48)
	Expr : Expr . '+' Expr  (55)
	Expr : Expr . '-' Expr  (56)
	Expr : Expr . '*' Expr  (57)
	Expr : Expr . '/' Expr  (58)
	Expr : Expr . '%' Expr  (59)
	Expr : Expr . EQUAL Expr  (60)
	Expr : Expr . NOT_EQUAL Expr  (61)
	Expr : Expr . '<' Expr  (62)
	Expr : Expr . '>' Expr  (63)
	Expr : Expr . LESS_EQUAL Expr  (64)
	Expr : Expr . GREATER_EQUAL Expr  (65)
	Expr : Expr . AND Expr  (66)
	Expr : Expr . OR Expr  (67)
	WhileStmt : WHILE '(' Expr . ')' Stmt  (90)

	AND  shift 129
	OR  shift 130
	LESS_EQUAL  shift 131
	GREATER_EQUAL  shift 132
	EQUAL  shift 133
	NOT_EQUAL  shift 134
	'+'  shift 135
	'-'  shift 136
	'*'  shift 137
	'/'  shift 138
	'%'  shift 139
	'>'  shift 140
	'<'  shift 141
	'.'  shift 142
	')'  shift 180
	'['  shift 143
	.  error


state 146
	ForStmt : FOR '(' SimpleStmt . ';' Expr ';' SimpleStmt ')' Stmt  (91)

	';'  shift 181
	.  error


state 147
	Receiver : Expr . '.'  (45)
	LValue : Expr . '[' Expr ']'  (48)
	Expr : Expr . '+' Expr  (55)
	Expr : Expr . '-' Expr  (56)
	Expr : Expr . '*' Expr  (57)
	Expr : Expr . '/' Expr  (58)
	Expr : Expr . '%' Expr  (59)
	Expr : Expr . EQUAL Expr  (60)
	Expr : Expr . NOT_EQUAL Expr  (61)
	Expr : Expr . '<' Expr  (62)
	Expr : Expr . '>' Expr  (63)
	Expr : Expr . LESS_EQUAL Expr  (64)
	Expr : Expr . GREATER_EQUAL Expr  (65)
	Expr : Expr . AND Expr  (66)
	Expr : Expr . OR Expr  (67)
	IfStmt : IF '(' Expr . ')' Stmt ElseClause  (102)

	AND  shift 129
	OR  shift 130
	LESS_EQUAL  shift 131
	GREATER_EQUAL  shift 132
	EQUAL  shift 133
	NOT_EQUAL  shift 134
	'+'  shift 135
	'-'  shift 136
	'*'  shift 137
	'/'  shift 138
	'%'  shift 139
	'>'  shift 140
	'<'  shift 141
	'.'  shift 142
	')'  shift 182
	'['  shift 143
	.  error


state 148
	Expr : NEW IDENTIFIER '(' . ')'  (74)

	')'  shift 183
	.  error


state 149
	Type : Type '[' . ']'  (12)
	Expr : NEW Type '[' . Expr ']'  (75)
	Receiver : .  (46)

	NULL  shift 47
	THIS  shift 48
	NEW  shift 54
	READ_INTEGER  shift 56
	READ_LINE  shift 57
	LITERAL  shift 58
	INSTANCEOF  shift 59
	'-'  shift 60
	'!'  shift 61
	'('  shift 62
	']'  shift 31
	CASE  shift 64
	SUPER  shift 65
	DCOPY  shift 66
	SCOPY  shift 67
	RE  shift 68
	IM  shift 69
	COMPCAST  shift 74
	IDENTIFIER  reduce 46

	LValue  goto 98
	Expr  goto 184
	Call  goto 100
	Receiver  goto 91
	Constant  goto 92
	Super  goto 93
	Cases  goto 94


state 150
	Receiver : Expr . '.'  (45)
	LValue : Expr . '[' Expr ']'  (48)
	Expr : Expr . '+' Expr  (55)
	Expr : Expr . '-' Expr  (56)
	Expr : Expr . '*' Expr  (57)
	Expr : Expr . '/' Expr  (58)
	Expr : Expr . '%' Expr  (59)
	Expr : Expr . EQUAL Expr  (60)
	Expr : Expr . NOT_EQUAL Expr  (61)
	Expr : Expr . '<' Expr  (62)
	Expr : Expr . '>' Expr  (63)
	Expr : Expr . LESS_EQUAL Expr  (64)
	Expr : Expr . GREATER_EQUAL Expr  (65)
	Expr : Expr . AND Expr  (66)
	Expr : Expr . OR Expr  (67)
	ExprList : Expr .  (89)

	AND  shift 129
	OR  shift 130
	LESS_EQUAL  shift 131
	GREATER_EQUAL  shift 132
	EQUAL  shift 133
	NOT_EQUAL  shift 134
	'+'  shift 135
	'-'  shift 136
	'*'  shift 137
	'/'  shift 138
	'%'  shift 139
	'>'  shift 140
	'<'  shift 141
	'.'  shift 142
	'['  shift 143
	','  reduce 89
	')'  reduce 89


state 151
	ExprList : ExprList . ',' Expr  (88)
	PrintStmt : PRINT '(' ExprList . ')'  (107)

	','  shift 185
	')'  shift 186
	.  error


state 152
	Expr : READ_INTEGER '(' ')' .  (71)

	.  reduce 71


state 153
	Expr : READ_LINE '(' ')' .  (72)

	.  reduce 72


state 154
	Receiver : Expr . '.'  (45)
	LValue : Expr . '[' Expr ']'  (48)
	Expr : Expr . '+' Expr  (55)
	Expr : Expr . '-' Expr  (56)
	Expr : Expr . '*' Expr  (57)
	Expr : Expr . '/' Expr  (58)
	Expr : Expr . '%' Expr  (59)
	Expr : Expr . EQUAL Expr  (60)
	Expr : Expr . NOT_EQUAL Expr  (61)
	Expr : Expr . '<' Expr  (62)
	Expr : Expr . '>' Expr  (63)
	Expr : Expr . LESS_EQUAL Expr  (64)
	Expr : Expr . GREATER_EQUAL Expr  (65)
	Expr : Expr . AND Expr  (66)
	Expr : Expr . OR Expr  (67)
	Expr : INSTANCEOF '(' Expr . ',' IDENTIFIER ')'  (76)

	AND  shift 129
	OR  shift 130
	LESS_EQUAL  shift 131
	GREATER_EQUAL  shift 132
	EQUAL  shift 133
	NOT_EQUAL  shift 134
	'+'  shift 135
	'-'  shift 136
	'*'  shift 137
	'/'  shift 138
	'%'  shift 139
	'>'  shift 140
	'<'  shift 141
	'.'  shift 142
	','  shift 187
	'['  shift 143
	.  error


state 155
	Expr : '(' CLASS IDENTIFIER . ')' Expr  (77)

	')'  shift 188
	.  error


state 156
	Expr : '(' Expr ')' .  (68)

	.  reduce 68


state 157
	Receiver : Expr . '.'  (45)
	LValue : Expr . '[' Expr ']'  (48)
	Expr : Expr . '+' Expr  (55)
	Expr : Expr . '-' Expr  (56)
	Expr : Expr . '*' Expr  (57)
	Expr : Expr . '/' Expr  (58)
	Expr : Expr . '%' Expr  (59)
	Expr : Expr . EQUAL Expr  (60)
	Expr : Expr . NOT_EQUAL Expr  (61)
	Expr : Expr . '<' Expr  (62)
	Expr : Expr . '>' Expr  (63)
	Expr : Expr . LESS_EQUAL Expr  (64)
	Expr : Expr . GREATER_EQUAL Expr  (65)
	Expr : Expr . AND Expr  (66)
	Expr : Expr . OR Expr  (67)
	Cases : CASE '(' Expr . ')' '{' CaseStmtList DefaultStmt '}'  (93)

	AND  shift 129
	OR  shift 130
	LESS_EQUAL  shift 131
	GREATER_EQUAL  shift 132
	EQUAL  shift 133
	NOT_EQUAL  shift 134
	'+'  shift 135
	'-'  shift 136
	'*'  shift 137
	'/'  shift 138
	'%'  shift 139
	'>'  shift 140
	'<'  shift 141
	'.'  shift 142
	')'  shift 189
	'['  shift 143
	.  error


state 158
	Receiver : Expr . '.'  (45)
	LValue : Expr . '[' Expr ']'  (48)
	Expr : Expr . '+' Expr  (55)
	Expr : Expr . '-' Expr  (56)
	Expr : Expr . '*' Expr  (57)
	Expr : Expr . '/' Expr  (58)
	Expr : Expr . '%' Expr  (59)
	Expr : Expr . EQUAL Expr  (60)
	Expr : Expr . NOT_EQUAL Expr  (61)
	Expr : Expr . '<' Expr  (62)
	Expr : Expr . '>' Expr  (63)
	Expr : Expr . LESS_EQUAL Expr  (64)
	Expr : Expr . GREATER_EQUAL Expr  (65)
	Expr : Expr . AND Expr  (66)
	Expr : Expr . OR Expr  (67)
	Expr : DCOPY '(' Expr . ')'  (78)

	AND  shift 129
	OR  shift 130
	LESS_EQUAL  shift 131
	GREATER_EQUAL  shift 132
	EQUAL  shift 133
	NOT_EQUAL  shift 134
	'+'  shift 135
	'-'  shift 136
	'*'  shift 137
	'/'  shift 138
	'%'  shift 139
	'>'  shift 140
	'<'  shift 141
	'.'  shift 142
	')'  shift 190
	'['  shift 143
	.  error


state 159
	Receiver : Expr . '.'  (45)
	LValue : Expr . '[' Expr ']'  (48)
	Expr : Expr . '+' Expr  (55)
	Expr : Expr . '-' Expr  (56)
	Expr : Expr . '*' Expr  (57)
	Expr : Expr . '/' Expr  (58)
	Expr : Expr . '%' Expr  (59)
	Expr : Expr . EQUAL Expr  (60)
	Expr : Expr . NOT_EQUAL Expr  (61)
	Expr : Expr . '<' Expr  (62)
	Expr : Expr . '>' Expr  (63)
	Expr : Expr . LESS_EQUAL Expr  (64)
	Expr : Expr . GREATER_EQUAL Expr  (65)
	Expr : Expr . AND Expr  (66)
	Expr : Expr . OR Expr  (67)
	Expr : SCOPY '(' Expr . ')'  (79)

	AND  shift 129
	OR  shift 130
	LESS_EQUAL  shift 131
	GREATER_EQUAL  shift 132
	EQUAL  shift 133
	NOT_EQUAL  shift 134
	'+'  shift 135
	'-'  shift 136
	'*'  shift 137
	'/'  shift 138
	'%'  shift 139
	'>'  shift 140
	'<'  shift 141
	'.'  shift 142
	')'  shift 191
	'['  shift 143
	.  error


state 160
	DoStmt : Expr ':' . Stmt  (101)
	SimpleStmt : .  (44)
	Receiver : .  (46)

	VOID  shift 12
	BOOL  shift 13
	INT  shift 14
	STRING  shift 15
	CLASS  shift 16
	COMPLEX  shift 17
	NULL  shift 47
	THIS  shift 48
	WHILE  shift 49
	FOR  shift 50
	IF  shift 51
	RETURN  shift 52
	BREAK  shift 53
	NEW  shift 54
	PRINT  shift 55
	READ_INTEGER  shift 56
	READ_LINE  shift 57
	LITERAL  shift 58
	INSTANCEOF  shift 59
	'-'  shift 60
	'!'  shift 61
	'('  shift 62
	'{'  shift 42
	CASE  shift 64
	SUPER  shift 65
	DCOPY  shift 66
	SCOPY  shift 67
	RE  shift 68
	IM  shift 69
	DO  shift 70
	ContinueStmt  shift 71
	RepeatStmt  shift 72
	SwitchStmt  shift 73
	COMPCAST  shift 74
	PRINTCOMP  shift 75
	IDENTIFIER  reduce 46
	';'  reduce 44

	VariableDef  goto 76
	Variable  goto 21
	Type  goto 34
	StmtBlock  goto 77
	Stmt  goto 192
	SimpleStmt  goto 79
	IfStmt  goto 80
	WhileStmt  goto 81
	ForStmt  goto 82
	ReturnStmt  goto 83
	PrintStmt  goto 84
	BreakStmt  goto 85
	PrintCompStmt  goto 86
	Do  goto 87
	LValue  goto 88
	Expr  goto 89
	Call  goto 90
	Receiver  goto 91
	Constant  goto 92
	Super  goto 93
	Cases  goto 94


state 161
	Do : DO DoStmtList OD .  (98)

	.  reduce 98


state 162
	DoStmtList : DoStmtList DOBLOCK . DoStmt  (99)
	Receiver : .  (46)

	NULL  shift 47
	THIS  shift 48
	NEW  shift 54
	READ_INTEGER  shift 56
	READ_LINE  shift 57
	LITERAL  shift 58
	INSTANCEOF  shift 59
	'-'  shift 60
	'!'  shift 61
	'('  shift 62
	CASE  shift 64
	SUPER  shift 65
	DCOPY  shift 66
	SCOPY  shift 67
	RE  shift 68
	IM  shift 69
	COMPCAST  shift 74
	IDENTIFIER  reduce 46

	LValue  goto 98
	Expr  goto 116
	Call  goto 100
	Receiver  goto 91
	Constant  goto 92
	Super  goto 93
	Cases  goto 94
	DoStmt  goto 193


state 163
	ExprList : ExprList . ',' Expr  (88)
	PrintCompStmt : PRINTCOMP '(' ExprList . ')'  (108)

	','  shift 185
	')'  shift 194
	.  error


state 164
	SimpleStmt : LValue '=' Expr .  (42)
	Receiver : Expr . '.'  (45)
	LValue : Expr . '[' Expr ']'  (48)
	Expr : Expr . '+' Expr  (55)
	Expr : Expr . '-' Expr  (56)
	Expr : Expr . '*' Expr  (57)
	Expr : Expr . '/' Expr  (58)
	Expr : Expr . '%' Expr  (59)
	Expr : Expr . EQUAL Expr  (60)
	Expr : Expr . NOT_EQUAL Expr  (61)
	Expr : Expr . '<' Expr  (62)
	Expr : Expr . '>' Expr  (63)
	Expr : Expr . LESS_EQUAL Expr  (64)
	Expr : Expr . GREATER_EQUAL Expr  (65)
	Expr : Expr . AND Expr  (66)
	Expr : Expr . OR Expr  (67)

	AND  shift 129
	OR  shift 130
	LESS_EQUAL  shift 131
	GREATER_EQUAL  shift 132
	EQUAL  shift 133
	NOT_EQUAL  shift 134
	'+'  shift 135
	'-'  shift 136
	'*'  shift 137
	'/'  shift 138
	'%'  shift 139
	'>'  shift 140
	'<'  shift 141
	'.'  shift 142
	'['  shift 143
	';'  reduce 42
	')'  reduce 42


state 165
	Receiver : Expr . '.'  (45)
	LValue : Expr . '[' Expr ']'  (48)
	Expr : Expr . '+' Expr  (55)
	Expr : Expr . '-' Expr  (56)
	Expr : Expr . '*' Expr  (57)
	Expr : Expr . '/' Expr  (58)
	Expr : Expr . '%' Expr  (59)
	Expr : Expr . EQUAL Expr  (60)
	Expr : Expr . NOT_EQUAL Expr  (61)
	Expr : Expr . '<' Expr  (62)
	Expr : Expr . '>' Expr  (63)
	Expr : Expr . LESS_EQUAL Expr  (64)
	Expr : Expr . GREATER_EQUAL Expr  (65)
	Expr : Expr . AND Expr  (66)
	Expr : Expr AND Expr .  (66)
	Expr : Expr . OR Expr  (67)

	LESS_EQUAL  shift 131
	GREATER_EQUAL  shift 132
	EQUAL  shift 133
	NOT_EQUAL  shift 134
	'+'  shift 135
	'-'  shift 136
	'*'  shift 137
	'/'  shift 138
	'%'  shift 139
	'>'  shift 140
	'<'  shift 141
	'.'  shift 142
	'['  shift 143
	AND  reduce 66
	OR  reduce 66
	','  reduce 66
	';'  reduce 66
	')'  reduce 66
	']'  reduce 66
	':'  reduce 66


state 166
	Receiver : Expr . '.'  (45)
	LValue : Expr . '[' Expr ']'  (48)
	Expr : Expr . '+' Expr  (55)
	Expr : Expr . '-' Expr  (56)
	Expr : Expr . '*' Expr  (57)
	Expr : Expr . '/' Expr  (58)
	Expr : Expr . '%' Expr  (59)
	Expr : Expr . EQUAL Expr  (60)
	Expr : Expr . NOT_EQUAL Expr  (61)
	Expr : Expr . '<' Expr  (62)
	Expr : Expr . '>' Expr  (63)
	Expr : Expr . LESS_EQUAL Expr  (64)
	Expr : Expr . GREATER_EQUAL Expr  (65)
	Expr : Expr . AND Expr  (66)
	Expr : Expr . OR Expr  (67)
	Expr : Expr OR Expr .  (67)

	AND  shift 129
	LESS_EQUAL  shift 131
	GREATER_EQUAL  shift 132
	EQUAL  shift 133
	NOT_EQUAL  shift 134
	'+'  shift 135
	'-'  shift 136
	'*'  shift 137
	'/'  shift 138
	'%'  shift 139
	'>'  shift 140
	'<'  shift 141
	'.'  shift 142
	'['  shift 143
	OR  reduce 67
	','  reduce 67
	';'  reduce 67
	')'  reduce 67
	']'  reduce 67
	':'  reduce 67


state 167
	Receiver : Expr . '.'  (45)
	LValue : Expr . '[' Expr ']'  (48)
	Expr : Expr . '+' Expr  (55)
	Expr : Expr . '-' Expr  (56)
	Expr : Expr . '*' Expr  (57)
	Expr : Expr . '/' Expr  (58)
	Expr : Expr . '%' Expr  (59)
	Expr : Expr . EQUAL Expr  (60)
	Expr : Expr . NOT_EQUAL Expr  (61)
	Expr : Expr . '<' Expr  (62)
	Expr : Expr . '>' Expr  (63)
	Expr : Expr . LESS_EQUAL Expr  (64)
	Expr : Expr LESS_EQUAL Expr .  (64)
	Expr : Expr . GREATER_EQUAL Expr  (65)
	Expr : Expr . AND Expr  (66)
	Expr : Expr . OR Expr  (67)

	'+'  shift 135
	'-'  shift 136
	'*'  shift 137
	'/'  shift 138
	'%'  shift 139
	'.'  shift 142
	'['  shift 143
	AND  reduce 64
	OR  reduce 64
	EQUAL  reduce 64
	NOT_EQUAL  reduce 64
	','  reduce 64
	';'  reduce 64
	')'  reduce 64
	']'  reduce 64
	':'  reduce 64


state 168
	Receiver : Expr . '.'  (45)
	LValue : Expr . '[' Expr ']'  (48)
	Expr : Expr . '+' Expr  (55)
	Expr : Expr . '-' Expr  (56)
	Expr : Expr . '*' Expr  (57)
	Expr : Expr . '/' Expr  (58)
	Expr : Expr . '%' Expr  (59)
	Expr : Expr . EQUAL Expr  (60)
	Expr : Expr . NOT_EQUAL Expr  (61)
	Expr : Expr . '<' Expr  (62)
	Expr : Expr . '>' Expr  (63)
	Expr : Expr . LESS_EQUAL Expr  (64)
	Expr : Expr . GREATER_EQUAL Expr  (65)
	Expr : Expr GREATER_EQUAL Expr .  (65)
	Expr : Expr . AND Expr  (66)
	Expr : Expr . OR Expr  (67)

	'+'  shift 135
	'-'  shift 136
	'*'  shift 137
	'/'  shift 138
	'%'  shift 139
	'.'  shift 142
	'['  shift 143
	AND  reduce 65
	OR  reduce 65
	EQUAL  reduce 65
	NOT_EQUAL  reduce 65
	','  reduce 65
	';'  reduce 65
	')'  reduce 65
	']'  reduce 65
	':'  reduce 65


state 169
	Receiver : Expr . '.'  (45)
	LValue : Expr . '[' Expr ']'  (48)
	Expr : Expr . '+' Expr  (55)
	Expr : Expr . '-' Expr  (56)
	Expr : Expr . '*' Expr  (57)
	Expr : Expr . '/' Expr  (58)
	Expr : Expr . '%' Expr  (59)
	Expr : Expr . EQUAL Expr  (60)
	Expr : Expr EQUAL Expr .  (60)
	Expr : Expr . NOT_EQUAL Expr  (61)
	Expr : Expr . '<' Expr  (62)
	Expr : Expr . '>' Expr  (63)
	Expr : Expr . LESS_EQUAL Expr  (64)
	Expr : Expr . GREATER_EQUAL Expr  (65)
	Expr : Expr . AND Expr  (66)
	Expr : Expr . OR Expr  (67)

	LESS_EQUAL  shift 131
	GREATER_EQUAL  shift 132
	'+'  shift 135
	'-'  shift 136
	'*'  shift 137
	'/'  shift 138
	'%'  shift 139
	'>'  shift 140
	'<'  shift 141
	'.'  shift 142
	'['  shift 143
	AND  reduce 60
	OR  reduce 60
	','  reduce 60
	';'  reduce 60
	')'  reduce 60
	']'  reduce 60
	':'  reduce 60


state 170
	Receiver : Expr . '.'  (45)
	LValue : Expr . '[' Expr ']'  (48)
	Expr : Expr . '+' Expr  (55)
	Expr : Expr . '-' Expr  (56)
	Expr : Expr . '*' Expr  (57)
	Expr : Expr . '/' Expr  (58)
	Expr : Expr . '%' Expr  (59)
	Expr : Expr . EQUAL Expr  (60)
	Expr : Expr . NOT_EQUAL Expr  (61)
	Expr : Expr NOT_EQUAL Expr .  (61)
	Expr : Expr . '<' Expr  (62)
	Expr : Expr . '>' Expr  (63)
	Expr : Expr . LESS_EQUAL Expr  (64)
	Expr : Expr . GREATER_EQUAL Expr  (65)
	Expr : Expr . AND Expr  (66)
	Expr : Expr . OR Expr  (67)

	LESS_EQUAL  shift 131
	GREATER_EQUAL  shift 132
	'+'  shift 135
	'-'  shift 136
	'*'  shift 137
	'/'  shift 138
	'%'  shift 139
	'>'  shift 140
	'<'  shift 141
	'.'  shift 142
	'['  shift 143
	AND  reduce 61
	OR  reduce 61
	','  reduce 61
	';'  reduce 61
	')'  reduce 61
	']'  reduce 61
	':'  reduce 61


state 171
	Receiver : Expr . '.'  (45)
	LValue : Expr . '[' Expr ']'  (48)
	Expr : Expr . '+' Expr  (55)
	Expr : Expr '+' Expr .  (55)
	Expr : Expr . '-' Expr  (56)
	Expr : Expr . '*' Expr  (57)
	Expr : Expr . '/' Expr  (58)
	Expr : Expr . '%' Expr  (59)
	Expr : Expr . EQUAL Expr  (60)
	Expr : Expr . NOT_EQUAL Expr  (61)
	Expr : Expr . '<' Expr  (62)
	Expr : Expr . '>' Expr  (63)
	Expr : Expr . LESS_EQUAL Expr  (64)
	Expr : Expr . GREATER_EQUAL Expr  (65)
	Expr : Expr . AND Expr  (66)
	Expr : Expr . OR Expr  (67)

	'*'  shift 137
	'/'  shift 138
	'%'  shift 139
	'.'  shift 142
	'['  shift 143
	AND  reduce 55
	OR  reduce 55
	LESS_EQUAL  reduce 55
	GREATER_EQUAL  reduce 55
	EQUAL  reduce 55
	NOT_EQUAL  reduce 55
	'+'  reduce 55
	'-'  reduce 55
	'>'  reduce 55
	'<'  reduce 55
	','  reduce 55
	';'  reduce 55
	')'  reduce 55
	']'  reduce 55
	':'  reduce 55


state 172
	Receiver : Expr . '.'  (45)
	LValue : Expr . '[' Expr ']'  (48)
	Expr : Expr . '+' Expr  (55)
	Expr : Expr . '-' Expr  (56)
	Expr : Expr '-' Expr .  (56)
	Expr : Expr . '*' Expr  (57)
	Expr : Expr . '/' Expr  (58)
	Expr : Expr . '%' Expr  (59)
	Expr : Expr . EQUAL Expr  (60)
	Expr : Expr . NOT_EQUAL Expr  (61)
	Expr : Expr . '<' Expr  (62)
	Expr : Expr . '>' Expr  (63)
	Expr : Expr . LESS_EQUAL Expr  (64)
	Expr : Expr . GREATER_EQUAL Expr  (65)
	Expr : Expr . AND Expr  (66)
	Expr : Expr . OR Expr  (67)

	'*'  shift 137
	'/'  shift 138
	'%'  shift 139
	'.'  shift 142
	'['  shift 143
	AND  reduce 56
	OR  reduce 56
	LESS_EQUAL  reduce 56
	GREATER_EQUAL  reduce 56
	EQUAL  reduce 56
	NOT_EQUAL  reduce 56
	'+'  reduce 56
	'-'  reduce 56
	'>'  reduce 56
	'<'  reduce 56
	','  reduce 56
	';'  reduce 56
	')'  reduce 56
	']'  reduce 56
	':'  reduce 56


state 173
	Receiver : Expr . '.'  (45)
	LValue : Expr . '[' Expr ']'  (48)
	Expr : Expr . '+' Expr  (55)
	Expr : Expr . '-' Expr  (56)
	Expr : Expr . '*' Expr  (57)
	Expr : Expr '*' Expr .  (57)
	Expr : Expr . '/' Expr  (58)
	Expr : Expr . '%' Expr  (59)
	Expr : Expr . EQUAL Expr  (60)
	Expr : Expr . NOT_EQUAL Expr  (61)
	Expr : Expr . '<' Expr  (62)
	Expr : Expr . '>' Expr  (63)
	Expr : Expr . LESS_EQUAL Expr  (64)
	Expr : Expr . GREATER_EQUAL Expr  (65)
	Expr : Expr . AND Expr  (66)
	Expr : Expr . OR Expr  (67)

	'.'  shift 142
	'['  shift 143
	AND  reduce 57
	OR  reduce 57
	LESS_EQUAL  reduce 57
	GREATER_EQUAL  reduce 57
	EQUAL  reduce 57
	NOT_EQUAL  reduce 57
	'+'  reduce 57
	'-'  reduce 57
	'*'  reduce 57
	'/'  reduce 57
	'%'  reduce 57
	'>'  reduce 57
	'<'  reduce 57
	','  reduce 57
	';'  reduce 57
	')'  reduce 57
	']'  reduce 57
	':'  reduce 57


state 174
	Receiver : Expr . '.'  (45)
	LValue : Expr . '[' Expr ']'  (48)
	Expr : Expr . '+' Expr  (55)
	Expr : Expr . '-' Expr  (56)
	Expr : Expr . '*' Expr  (57)
	Expr : Expr . '/' Expr  (58)
	Expr : Expr '/' Expr .  (58)
	Expr : Expr . '%' Expr  (59)
	Expr : Expr . EQUAL Expr  (60)
	Expr : Expr . NOT_EQUAL Expr  (61)
	Expr : Expr . '<' Expr  (62)
	Expr : Expr . '>' Expr  (63)
	Expr : Expr . LESS_EQUAL Expr  (64)
	Expr : Expr . GREATER_EQUAL Expr  (65)
	Expr : Expr . AND Expr  (66)
	Expr : Expr . OR Expr  (67)

	'.'  shift 142
	'['  shift 143
	AND  reduce 58
	OR  reduce 58
	LESS_EQUAL  reduce 58
	GREATER_EQUAL  reduce 58
	EQUAL  reduce 58
	NOT_EQUAL  reduce 58
	'+'  reduce 58
	'-'  reduce 58
	'*'  reduce 58
	'/'  reduce 58
	'%'  reduce 58
	'>'  reduce 58
	'<'  reduce 58
	','  reduce 58
	';'  reduce 58
	')'  reduce 58
	']'  reduce 58
	':'  reduce 58


state 175
	Receiver : Expr . '.'  (45)
	LValue : Expr . '[' Expr ']'  (48)
	Expr : Expr . '+' Expr  (55)
	Expr : Expr . '-' Expr  (56)
	Expr : Expr . '*' Expr  (57)
	Expr : Expr . '/' Expr  (58)
	Expr : Expr . '%' Expr  (59)
	Expr : Expr '%' Expr .  (59)
	Expr : Expr . EQUAL Expr  (60)
	Expr : Expr . NOT_EQUAL Expr  (61)
	Expr : Expr . '<' Expr  (62)
	Expr : Expr . '>' Expr  (63)
	Expr : Expr . LESS_EQUAL Expr  (64)
	Expr : Expr . GREATER_EQUAL Expr  (65)
	Expr : Expr . AND Expr  (66)
	Expr : Expr . OR Expr  (67)

	'.'  shift 142
	'['  shift 143
	AND  reduce 59
	OR  reduce 59
	LESS_EQUAL  reduce 59
	GREATER_EQUAL  reduce 59
	EQUAL  reduce 59
	NOT_EQUAL  reduce 59
	'+'  reduce 59
	'-'  reduce 59
	'*'  reduce 59
	'/'  reduce 59
	'%'  reduce 59
	'>'  reduce 59
	'<'  reduce 59
	','  reduce 59
	';'  reduce 59
	')'  reduce 59
	']'  reduce 59
	':'  reduce 59


state 176
	Receiver : Expr . '.'  (45)
	LValue : Expr . '[' Expr ']'  (48)
	Expr : Expr . '+' Expr  (55)
	Expr : Expr . '-' Expr  (56)
	Expr : Expr . '*' Expr  (57)
	Expr : Expr . '/' Expr  (58)
	Expr : Expr . '%' Expr  (59)
	Expr : Expr . EQUAL Expr  (60)
	Expr : Expr . NOT_EQUAL Expr  (61)
	Expr : Expr . '<' Expr  (62)
	Expr : Expr . '>' Expr  (63)
	Expr : Expr '>' Expr .  (63)
	Expr : Expr . LESS_EQUAL Expr  (64)
	Expr : Expr . GREATER_EQUAL Expr  (65)
	Expr : Expr . AND Expr  (66)
	Expr : Expr . OR Expr  (67)

	'+'  shift 135
	'-'  shift 136
	'*'  shift 137
	'/'  shift 138
	'%'  shift 139
	'.'  shift 142
	'['  shift 143
	AND  reduce 63
	OR  reduce 63
	EQUAL  reduce 63
	NOT_EQUAL  reduce 63
	','  reduce 63
	';'  reduce 63
	')'  reduce 63
	']'  reduce 63
	':'  reduce 63


state 177
	Receiver : Expr . '.'  (45)
	LValue : Expr . '[' Expr ']'  (48)
	Expr : Expr . '+' Expr  (55)
	Expr : Expr . '-' Expr  (56)
	Expr : Expr . '*' Expr  (57)
	Expr : Expr . '/' Expr  (58)
	Expr : Expr . '%' Expr  (59)
	Expr : Expr . EQUAL Expr  (60)
	Expr : Expr . NOT_EQUAL Expr  (61)
	Expr : Expr . '<' Expr  (62)
	Expr : Expr '<' Expr .  (62)
	Expr : Expr . '>' Expr  (63)
	Expr : Expr . LESS_EQUAL Expr  (64)
	Expr : Expr . GREATER_EQUAL Expr  (65)
	Expr : Expr . AND Expr  (66)
	Expr : Expr . OR Expr  (67)

	'+'  shift 135
	'-'  shift 136
	'*'  shift 137
	'/'  shift 138
	'%'  shift 139
	'.'  shift 142
	'['  shift 143
	AND  reduce 62
	OR  reduce 62
	EQUAL  reduce 62
	NOT_EQUAL  reduce 62
	','  reduce 62
	';'  reduce 62
	')'  reduce 62
	']'  reduce 62
	':'  reduce 62


state 178
	Receiver : Expr . '.'  (45)
	LValue : Expr . '[' Expr ']'  (48)
	LValue : Expr '[' Expr . ']'  (48)
	Expr : Expr . '+' Expr  (55)
	Expr : Expr . '-' Expr  (56)
	Expr : Expr . '*' Expr  (57)
	Expr : Expr . '/' Expr  (58)
	Expr : Expr . '%' Expr  (59)
	Expr : Expr . EQUAL Expr  (60)
	Expr : Expr . NOT_EQUAL Expr  (61)
	Expr : Expr . '<' Expr  (62)
	Expr : Expr . '>' Expr  (63)
	Expr : Expr . LESS_EQUAL Expr  (64)
	Expr : Expr . GREATER_EQUAL Expr  (65)
	Expr : Expr . AND Expr  (66)
	Expr : Expr . OR Expr  (67)

	AND  shift 129
	OR  shift 130
	LESS_EQUAL  shift 131
	GREATER_EQUAL  shift 132
	EQUAL  shift 133
	NOT_EQUAL  shift 134
	'+'  shift 135
	'-'  shift 136
	'*'  shift 137
	'/'  shift 138
	'%'  shift 139
	'>'  shift 140
	'<'  shift 141
	'.'  shift 142
	'['  shift 143
	']'  shift 195
	.  error


state 179
	Call : Receiver IDENTIFIER '(' . Actuals ')'  (49)
	Receiver : .  (46)
	Actuals : .  (87)

	NULL  shift 47
	THIS  shift 48
	NEW  shift 54
	READ_INTEGER  shift 56
	READ_LINE  shift 57
	LITERAL  shift 58
	INSTANCEOF  shift 59
	'-'  shift 60
	'!'  shift 61
	'('  shift 62
	CASE  shift 64
	SUPER  shift 65
	DCOPY  shift 66
	SCOPY  shift 67
	RE  shift 68
	IM  shift 69
	COMPCAST  shift 74
	IDENTIFIER  reduce 46
	')'  reduce 87

	LValue  goto 98
	Expr  goto 150
	Call  goto 100
	Receiver  goto 91
	Actuals  goto 196
	Constant  goto 92
	Super  goto 93
	Cases  goto 94
	ExprList  goto 197


state 180
	WhileStmt : WHILE '(' Expr ')' . Stmt  (90)
	SimpleStmt : .  (44)
	Receiver : .  (46)

	VOID  shift 12
	BOOL  shift 13
	INT  shift 14
	STRING  shift 15
	CLASS  shift 16
	COMPLEX  shift 17
	NULL  shift 47
	THIS  shift 48
	WHILE  shift 49
	FOR  shift 50
	IF  shift 51
	RETURN  shift 52
	BREAK  shift 53
	NEW  shift 54
	PRINT  shift 55
	READ_INTEGER  shift 56
	READ_LINE  shift 57
	LITERAL  shift 58
	INSTANCEOF  shift 59
	'-'  shift 60
	'!'  shift 61
	'('  shift 62
	'{'  shift 42
	CASE  shift 64
	SUPER  shift 65
	DCOPY  shift 66
	SCOPY  shift 67
	RE  shift 68
	IM  shift 69
	DO  shift 70
	ContinueStmt  shift 71
	RepeatStmt  shift 72
	SwitchStmt  shift 73
	COMPCAST  shift 74
	PRINTCOMP  shift 75
	IDENTIFIER  reduce 46
	';'  reduce 44

	VariableDef  goto 76
	Variable  goto 21
	Type  goto 34
	StmtBlock  goto 77
	Stmt  goto 198
	SimpleStmt  goto 79
	IfStmt  goto 80
	WhileStmt  goto 81
	ForStmt  goto 82
	ReturnStmt  goto 83
	PrintStmt  goto 84
	BreakStmt  goto 85
	PrintCompStmt  goto 86
	Do  goto 87
	LValue  goto 88
	Expr  goto 89
	Call  goto 90
	Receiver  goto 91
	Constant  goto 92
	Super  goto 93
	Cases  goto 94


state 181
	ForStmt : FOR '(' SimpleStmt ';' . Expr ';' SimpleStmt ')' Stmt  (91)
	Receiver : .  (46)

	NULL  shift 47
	THIS  shift 48
	NEW  shift 54
	READ_INTEGER  shift 56
	READ_LINE  shift 57
	LITERAL  shift 58
	INSTANCEOF  shift 59
	'-'  shift 60
	'!'  shift 61
	'('  shift 62
	CASE  shift 64
	SUPER  shift 65
	DCOPY  shift 66
	SCOPY  shift 67
	RE  shift 68
	IM  shift 69
	COMPCAST  shift 74
	IDENTIFIER  reduce 46

	LValue  goto 98
	Expr  goto 199
	Call  goto 100
	Receiver  goto 91
	Constant  goto 92
	Super  goto 93
	Cases  goto 94


state 182
	IfStmt : IF '(' Expr ')' . Stmt ElseClause  (102)
	SimpleStmt : .  (44)
	Receiver : .  (46)

	VOID  shift 12
	BOOL  shift 13
	INT  shift 14
	STRING  shift 15
	CLASS  shift 16
	COMPLEX  shift 17
	NULL  shift 47
	THIS  shift 48
	WHILE  shift 49
	FOR  shift 50
	IF  shift 51
	RETURN  shift 52
	BREAK  shift 53
	NEW  shift 54
	PRINT  shift 55
	READ_INTEGER  shift 56
	READ_LINE  shift 57
	LITERAL  shift 58
	INSTANCEOF  shift 59
	'-'  shift 60
	'!'  shift 61
	'('  shift 62
	'{'  shift 42
	CASE  shift 64
	SUPER  shift 65
	DCOPY  shift 66
	SCOPY  shift 67
	RE  shift 68
	IM  shift 69
	DO  shift 70
	ContinueStmt  shift 71
	RepeatStmt  shift 72
	SwitchStmt  shift 73
	COMPCAST  shift 74
	PRINTCOMP  shift 75
	IDENTIFIER  reduce 46
	';'  reduce 44

	VariableDef  goto 76
	Variable  goto 21
	Type  goto 34
	StmtBlock  goto 77
	Stmt  goto 200
	SimpleStmt  goto 79
	IfStmt  goto 80
	WhileStmt  goto 81
	ForStmt  goto 82
	ReturnStmt  goto 83
	PrintStmt  goto 84
	BreakStmt  goto 85
	PrintCompStmt  goto 86
	Do  goto 87
	LValue  goto 88
	Expr  goto 89
	Call  goto 90
	Receiver  goto 91
	Constant  goto 92
	Super  goto 93
	Cases  goto 94


state 183
	Expr : NEW IDENTIFIER '(' ')' .  (74)

	.  reduce 74


state 184
	Receiver : Expr . '.'  (45)
	LValue : Expr . '[' Expr ']'  (48)
	Expr : Expr . '+' Expr  (55)
	Expr : Expr . '-' Expr  (56)
	Expr : Expr . '*' Expr  (57)
	Expr : Expr . '/' Expr  (58)
	Expr : Expr . '%' Expr  (59)
	Expr : Expr . EQUAL Expr  (60)
	Expr : Expr . NOT_EQUAL Expr  (61)
	Expr : Expr . '<' Expr  (62)
	Expr : Expr . '>' Expr  (63)
	Expr : Expr . LESS_EQUAL Expr  (64)
	Expr : Expr . GREATER_EQUAL Expr  (65)
	Expr : Expr . AND Expr  (66)
	Expr : Expr . OR Expr  (67)
	Expr : NEW Type '[' Expr . ']'  (75)

	AND  shift 129
	OR  shift 130
	LESS_EQUAL  shift 131
	GREATER_EQUAL  shift 132
	EQUAL  shift 133
	NOT_EQUAL  shift 134
	'+'  shift 135
	'-'  shift 136
	'*'  shift 137
	'/'  shift 138
	'%'  shift 139
	'>'  shift 140
	'<'  shift 141
	'.'  shift 142
	'['  shift 143
	']'  shift 201
	.  error


state 185
	ExprList : ExprList ',' . Expr  (88)
	Receiver : .  (46)

	NULL  shift 47
	THIS  shift 48
	NEW  shift 54
	READ_INTEGER  shift 56
	READ_LINE  shift 57
	LITERAL  shift 58
	INSTANCEOF  shift 59
	'-'  shift 60
	'!'  shift 61
	'('  shift 62
	CASE  shift 64
	SUPER  shift 65
	DCOPY  shift 66
	SCOPY  shift 67
	RE  shift 68
	IM  shift 69
	COMPCAST  shift 74
	IDENTIFIER  reduce 46

	LValue  goto 98
	Expr  goto 202
	Call  goto 100
	Receiver  goto 91
	Constant  goto 92
	Super  goto 93
	Cases  goto 94


state 186
	PrintStmt : PRINT '(' ExprList ')' .  (107)

	.  reduce 107


state 187
	Expr : INSTANCEOF '(' Expr ',' . IDENTIFIER ')'  (76)

	IDENTIFIER  shift 203
	.  error


state 188
	Expr : '(' CLASS IDENTIFIER ')' . Expr  (77)
	Receiver : .  (46)

	NULL  shift 47
	THIS  shift 48
	NEW  shift 54
	READ_INTEGER  shift 56
	READ_LINE  shift 57
	LITERAL  shift 58
	INSTANCEOF  shift 59
	'-'  shift 60
	'!'  shift 61
	'('  shift 62
	CASE  shift 64
	SUPER  shift 65
	DCOPY  shift 66
	SCOPY  shift 67
	RE  shift 68
	IM  shift 69
	COMPCAST  shift 74
	IDENTIFIER  reduce 46

	LValue  goto 98
	Expr  goto 204
	Call  goto 100
	Receiver  goto 91
	Constant  goto 92
	Super  goto 93
	Cases  goto 94


state 189
	Cases : CASE '(' Expr ')' . '{' CaseStmtList DefaultStmt '}'  (93)

	'{'  shift 205
	.  error


state 190
	Expr : DCOPY '(' Expr ')' .  (78)

	.  reduce 78


state 191
	Expr : SCOPY '(' Expr ')' .  (79)

	.  reduce 79


state 192
	DoStmt : Expr ':' Stmt .  (101)

	.  reduce 101


state 193
	DoStmtList : DoStmtList DOBLOCK DoStmt .  (99)

	.  reduce 99


state 194
	PrintCompStmt : PRINTCOMP '(' ExprList ')' .  (108)

	.  reduce 108


state 195
	LValue : Expr '[' Expr ']' .  (48)

	.  reduce 48


state 196
	Call : Receiver IDENTIFIER '(' Actuals . ')'  (49)

	')'  shift 206
	.  error


state 197
	Actuals : ExprList .  (86)
	ExprList : ExprList . ',' Expr  (88)

	','  shift 185
	')'  reduce 86


state 198
	WhileStmt : WHILE '(' Expr ')' Stmt .  (90)

	.  reduce 90


state 199
	Receiver : Expr . '.'  (45)
	LValue : Expr . '[' Expr ']'  (48)
	Expr : Expr . '+' Expr  (55)
	Expr : Expr . '-' Expr  (56)
	Expr : Expr . '*' Expr  (57)
	Expr : Expr . '/' Expr  (58)
	Expr : Expr . '%' Expr  (59)
	Expr : Expr . EQUAL Expr  (60)
	Expr : Expr . NOT_EQUAL Expr  (61)
	Expr : Expr . '<' Expr  (62)
	Expr : Expr . '>' Expr  (63)
	Expr : Expr . LESS_EQUAL Expr  (64)
	Expr : Expr . GREATER_EQUAL Expr  (65)
	Expr : Expr . AND Expr  (66)
	Expr : Expr . OR Expr  (67)
	ForStmt : FOR '(' SimpleStmt ';' Expr . ';' SimpleStmt ')' Stmt  (91)

	AND  shift 129
	OR  shift 130
	LESS_EQUAL  shift 131
	GREATER_EQUAL  shift 132
	EQUAL  shift 133
	NOT_EQUAL  shift 134
	'+'  shift 135
	'-'  shift 136
	'*'  shift 137
	'/'  shift 138
	'%'  shift 139
	'>'  shift 140
	'<'  shift 141
	'.'  shift 142
	';'  shift 207
	'['  shift 143
	.  error


state 200
	IfStmt : IF '(' Expr ')' Stmt . ElseClause  (102)
	ElseClause : .  (104)

	ELSE  shift 208
	VOID  reduce 104
	BOOL  reduce 104
	INT  reduce 104
	STRING  reduce 104
	CLASS  reduce 104
	COMPLEX  reduce 104
	NULL  reduce 104
	THIS  reduce 104
	WHILE  reduce 104
	FOR  reduce 104
	IF  reduce 104
	RETURN  reduce 104
	BREAK  reduce 104
	NEW  reduce 104
	PRINT  reduce 104
	READ_INTEGER  reduce 104
	READ_LINE  reduce 104
	LITERAL  reduce 104
	IDENTIFIER  reduce 104
	INSTANCEOF  reduce 104
	'-'  reduce 104
	';'  reduce 104
	'!'  reduce 104
	'('  reduce 104
	'{'  reduce 104
	'}'  reduce 104
	CASE  reduce 104
	SUPER  reduce 104
	DCOPY  reduce 104
	SCOPY  reduce 104
	RE  reduce 104
	IM  reduce 104
	DO  reduce 104
	OD  reduce 104
	ContinueStmt  reduce 104
	RepeatStmt  reduce 104
	SwitchStmt  reduce 104
	COMPCAST  reduce 104
	DOBLOCK  reduce 104
	PRINTCOMP  reduce 104

	ElseClause  goto 209


state 201
	Expr : NEW Type '[' Expr ']' .  (75)

	.  reduce 75


state 202
	Receiver : Expr . '.'  (45)
	LValue : Expr . '[' Expr ']'  (48)
	Expr : Expr . '+' Expr  (55)
	Expr : Expr . '-' Expr  (56)
	Expr : Expr . '*' Expr  (57)
	Expr : Expr . '/' Expr  (58)
	Expr : Expr . '%' Expr  (59)
	Expr : Expr . EQUAL Expr  (60)
	Expr : Expr . NOT_EQUAL Expr  (61)
	Expr : Expr . '<' Expr  (62)
	Expr : Expr . '>' Expr  (63)
	Expr : Expr . LESS_EQUAL Expr  (64)
	Expr : Expr . GREATER_EQUAL Expr  (65)
	Expr : Expr . AND Expr  (66)
	Expr : Expr . OR Expr  (67)
	ExprList : ExprList ',' Expr .  (88)

	AND  shift 129
	OR  shift 130
	LESS_EQUAL  shift 131
	GREATER_EQUAL  shift 132
	EQUAL  shift 133
	NOT_EQUAL  shift 134
	'+'  shift 135
	'-'  shift 136
	'*'  shift 137
	'/'  shift 138
	'%'  shift 139
	'>'  shift 140
	'<'  shift 141
	'.'  shift 142
	'['  shift 143
	','  reduce 88
	')'  reduce 88


state 203
	Expr : INSTANCEOF '(' Expr ',' IDENTIFIER . ')'  (76)

	')'  shift 210
	.  error


state 204
	Receiver : Expr . '.'  (45)
	LValue : Expr . '[' Expr ']'  (48)
	Expr : Expr . '+' Expr  (55)
	Expr : Expr . '-' Expr  (56)
	Expr : Expr . '*' Expr  (57)
	Expr : Expr . '/' Expr  (58)
	Expr : Expr . '%' Expr  (59)
	Expr : Expr . EQUAL Expr  (60)
	Expr : Expr . NOT_EQUAL Expr  (61)
	Expr : Expr . '<' Expr  (62)
	Expr : Expr . '>' Expr  (63)
	Expr : Expr . LESS_EQUAL Expr  (64)
	Expr : Expr . GREATER_EQUAL Expr  (65)
	Expr : Expr . AND Expr  (66)
	Expr : Expr . OR Expr  (67)
	Expr : '(' CLASS IDENTIFIER ')' Expr .  (77)

	.  reduce 77


state 205
	Cases : CASE '(' Expr ')' '{' . CaseStmtList DefaultStmt '}'  (93)
	CaseStmtList : .  (95)

	.  reduce 95

	CaseStmtList  goto 211


state 206
	Call : Receiver IDENTIFIER '(' Actuals ')' .  (49)

	.  reduce 49


state 207
	ForStmt : FOR '(' SimpleStmt ';' Expr ';' . SimpleStmt ')' Stmt  (91)
	SimpleStmt : .  (44)
	Receiver : .  (46)

	NULL  shift 47
	THIS  shift 48
	NEW  shift 54
	READ_INTEGER  shift 56
	READ_LINE  shift 57
	LITERAL  shift 58
	INSTANCEOF  shift 59
	'-'  shift 60
	'!'  shift 61
	'('  shift 62
	CASE  shift 64
	SUPER  shift 65
	DCOPY  shift 66
	SCOPY  shift 67
	RE  shift 68
	IM  shift 69
	COMPCAST  shift 74
	IDENTIFIER  reduce 46
	')'  reduce 44

	SimpleStmt  goto 212
	LValue  goto 88
	Expr  goto 89
	Call  goto 90
	Receiver  goto 91
	Constant  goto 92
	Super  goto 93
	Cases  goto 94


state 208
	ElseClause : ELSE . Stmt  (103)
	SimpleStmt : .  (44)
	Receiver : .  (46)

	VOID  shift 12
	BOOL  shift 13
	INT  shift 14
	STRING  shift 15
	CLASS  shift 16
	COMPLEX  shift 17
	NULL  shift 47
	THIS  shift 48
	WHILE  shift 49
	FOR  shift 50
	IF  shift 51
	RETURN  shift 52
	BREAK  shift 53
	NEW  shift 54
	PRINT  shift 55
	READ_INTEGER  shift 56
	READ_LINE  shift 57
	LITERAL  shift 58
	INSTANCEOF  shift 59
	'-'  shift 60
	'!'  shift 61
	'('  shift 62
	'{'  shift 42
	CASE  shift 64
	SUPER  shift 65
	DCOPY  shift 66
	SCOPY  shift 67
	RE  shift 68
	IM  shift 69
	DO  shift 70
	ContinueStmt  shift 71
	RepeatStmt  shift 72
	SwitchStmt  shift 73
	COMPCAST  shift 74
	PRINTCOMP  shift 75
	IDENTIFIER  reduce 46
	';'  reduce 44

	VariableDef  goto 76
	Variable  goto 21
	Type  goto 34
	StmtBlock  goto 77
	Stmt  goto 213
	SimpleStmt  goto 79
	IfStmt  goto 80
	WhileStmt  goto 81
	ForStmt  goto 82
	ReturnStmt  goto 83
	PrintStmt  goto 84
	BreakStmt  goto 85
	PrintCompStmt  goto 86
	Do  goto 87
	LValue  goto 88
	Expr  goto 89
	Call  goto 90
	Receiver  goto 91
	Constant  goto 92
	Super  goto 93
	Cases  goto 94


state 209
	IfStmt : IF '(' Expr ')' Stmt ElseClause .  (102)

	.  reduce 102


state 210
	Expr : INSTANCEOF '(' Expr ',' IDENTIFIER ')' .  (76)

	.  reduce 76


state 211
	Cases : CASE '(' Expr ')' '{' CaseStmtList . DefaultStmt '}'  (93)
	CaseStmtList : CaseStmtList . CaseStmt  (94)

	NULL  shift 47
	LITERAL  shift 58
	DEFAULT  shift 214
	.  error

	Constant  goto 215
	DefaultStmt  goto 216
	CaseStmt  goto 217


state 212
	ForStmt : FOR '(' SimpleStmt ';' Expr ';' SimpleStmt . ')' Stmt  (91)

	')'  shift 218
	.  error


state 213
	ElseClause : ELSE Stmt .  (103)

	.  reduce 103


state 214
	DefaultStmt : DEFAULT . ':' Expr ';'  (97)

	':'  shift 219
	.  error


state 215
	CaseStmt : Constant . ':' Expr ';'  (96)

	':'  shift 220
	.  error


state 216
	Cases : CASE '(' Expr ')' '{' CaseStmtList DefaultStmt . '}'  (93)

	'}'  shift 221
	.  error


state 217
	CaseStmtList : CaseStmtList CaseStmt .  (94)

	.  reduce 94


state 218
	ForStmt : FOR '(' SimpleStmt ';' Expr ';' SimpleStmt ')' . Stmt  (91)
	SimpleStmt : .  (44)
	Receiver : .  (46)

	VOID  shift 12
	BOOL  shift 13
	INT  shift 14
	STRING  shift 15
	CLASS  shift 16
	COMPLEX  shift 17
	NULL  shift 47
	THIS  shift 48
	WHILE  shift 49
	FOR  shift 50
	IF  shift 51
	RETURN  shift 52
	BREAK  shift 53
	NEW  shift 54
	PRINT  shift 55
	READ_INTEGER  shift 56
	READ_LINE  shift 57
	LITERAL  shift 58
	INSTANCEOF  shift 59
	'-'  shift 60
	'!'  shift 61
	'('  shift 62
	'{'  shift 42
	CASE  shift 64
	SUPER  shift 65
	DCOPY  shift 66
	SCOPY  shift 67
	RE  shift 68
	IM  shift 69
	DO  shift 70
	ContinueStmt  shift 71
	RepeatStmt  shift 72
	SwitchStmt  shift 73
	COMPCAST  shift 74
	PRINTCOMP  shift 75
	IDENTIFIER  reduce 46
	';'  reduce 44

	VariableDef  goto 76
	Variable  goto 21
	Type  goto 34
	StmtBlock  goto 77
	Stmt  goto 222
	SimpleStmt  goto 79
	IfStmt  goto 80
	WhileStmt  goto 81
	ForStmt  goto 82
	ReturnStmt  goto 83
	PrintStmt  goto 84
	BreakStmt  goto 85
	PrintCompStmt  goto 86
	Do  goto 87
	LValue  goto 88
	Expr  goto 89
	Call  goto 90
	Receiver  goto 91
	Constant  goto 92
	Super  goto 93
	Cases  goto 94


state 219
	DefaultStmt : DEFAULT ':' . Expr ';'  (97)
	Receiver : .  (46)

	NULL  shift 47
	THIS  shift 48
	NEW  shift 54
	READ_INTEGER  shift 56
	READ_LINE  shift 57
	LITERAL  shift 58
	INSTANCEOF  shift 59
	'-'  shift 60
	'!'  shift 61
	'('  shift 62
	CASE  shift 64
	SUPER  shift 65
	DCOPY  shift 66
	SCOPY  shift 67
	RE  shift 68
	IM  shift 69
	COMPCAST  shift 74
	IDENTIFIER  reduce 46

	LValue  goto 98
	Expr  goto 223
	Call  goto 100
	Receiver  goto 91
	Constant  goto 92
	Super  goto 93
	Cases  goto 94


state 220
	CaseStmt : Constant ':' . Expr ';'  (96)
	Receiver : .  (46)

	NULL  shift 47
	THIS  shift 48
	NEW  shift 54
	READ_INTEGER  shift 56
	READ_LINE  shift 57
	LITERAL  shift 58
	INSTANCEOF  shift 59
	'-'  shift 60
	'!'  shift 61
	'('  shift 62
	CASE  shift 64
	SUPER  shift 65
	DCOPY  shift 66
	SCOPY  shift 67
	RE  shift 68
	IM  shift 69
	COMPCAST  shift 74
	IDENTIFIER  reduce 46

	LValue  goto 98
	Expr  goto 224
	Call  goto 100
	Receiver  goto 91
	Constant  goto 92
	Super  goto 93
	Cases  goto 94


state 221
	Cases : CASE '(' Expr ')' '{' CaseStmtList DefaultStmt '}' .  (93)

	.  reduce 93


state 222
	ForStmt : FOR '(' SimpleStmt ';' Expr ';' SimpleStmt ')' Stmt .  (91)

	.  reduce 91


state 223
	Receiver : Expr . '.'  (45)
	LValue : Expr . '[' Expr ']'  (48)
	Expr : Expr . '+' Expr  (55)
	Expr : Expr . '-' Expr  (56)
	Expr : Expr . '*' Expr  (57)
	Expr : Expr . '/' Expr  (58)
	Expr : Expr . '%' Expr  (59)
	Expr : Expr . EQUAL Expr  (60)
	Expr : Expr . NOT_EQUAL Expr  (61)
	Expr : Expr . '<' Expr  (62)
	Expr : Expr . '>' Expr  (63)
	Expr : Expr . LESS_EQUAL Expr  (64)
	Expr : Expr . GREATER_EQUAL Expr  (65)
	Expr : Expr . AND Expr  (66)
	Expr : Expr . OR Expr  (67)
	DefaultStmt : DEFAULT ':' Expr . ';'  (97)

	AND  shift 129
	OR  shift 130
	LESS_EQUAL  shift 131
	GREATER_EQUAL  shift 132
	EQUAL  shift 133
	NOT_EQUAL  shift 134
	'+'  shift 135
	'-'  shift 136
	'*'  shift 137
	'/'  shift 138
	'%'  shift 139
	'>'  shift 140
	'<'  shift 141
	'.'  shift 142
	';'  shift 225
	'['  shift 143
	.  error


state 224
	Receiver : Expr . '.'  (45)
	LValue : Expr . '[' Expr ']'  (48)
	Expr : Expr . '+' Expr  (55)
	Expr : Expr . '-' Expr  (56)
	Expr : Expr . '*' Expr  (57)
	Expr : Expr . '/' Expr  (58)
	Expr : Expr . '%' Expr  (59)
	Expr : Expr . EQUAL Expr  (60)
	Expr : Expr . NOT_EQUAL Expr  (61)
	Expr : Expr . '<' Expr  (62)
	Expr : Expr . '>' Expr  (63)
	Expr : Expr . LESS_EQUAL Expr  (64)
	Expr : Expr . GREATER_EQUAL Expr  (65)
	Expr : Expr . AND Expr  (66)
	Expr : Expr . OR Expr  (67)
	CaseStmt : Constant ':' Expr . ';'  (96)

	AND  shift 129
	OR  shift 130
	LESS_EQUAL  shift 131
	GREATER_EQUAL  shift 132
	EQUAL  shift 133
	NOT_EQUAL  shift 134
	'+'  shift 135
	'-'  shift 136
	'*'  shift 137
	'/'  shift 138
	'%'  shift 139
	'>'  shift 140
	'<'  shift 141
	'.'  shift 142
	';'  shift 226
	'['  shift 143
	.  error


state 225
	DefaultStmt : DEFAULT ':' Expr ';' .  (97)

	.  reduce 97


state 226
	CaseStmt : Constant ':' Expr ';' .  (96)

	.  reduce 96


State 114 contains 15 shift/reduce conflicts.
State 115 contains 15 shift/reduce conflicts.
State 120 contains 15 shift/reduce conflicts.


68 terminals, 39 nonterminals
109 grammar rules, 227 states
